{"C:\\Users\\LucasLelieurJiménez-\\Desktop\\TailorHub\\TailorHubChallenge_Backend\\src\\controllers\\auth.controllers.ts": {"path":"C:\\Users\\LucasLelieurJiménez-\\Desktop\\TailorHub\\TailorHubChallenge_Backend\\src\\controllers\\auth.controllers.ts","statementMap":{"0":{"start":{"line":8,"column":19},"end":{"line":8,"column":null}},"1":{"start":{"line":10,"column":19},"end":{"line":54,"column":null}},"2":{"start":{"line":11,"column":40},"end":{"line":11,"column":null}},"3":{"start":{"line":13,"column":2},"end":{"line":16,"column":null}},"4":{"start":{"line":14,"column":4},"end":{"line":14,"column":null}},"5":{"start":{"line":15,"column":4},"end":{"line":15,"column":null}},"6":{"start":{"line":18,"column":24},"end":{"line":18,"column":null}},"7":{"start":{"line":19,"column":2},"end":{"line":25,"column":null}},"8":{"start":{"line":20,"column":4},"end":{"line":23,"column":null}},"9":{"start":{"line":24,"column":4},"end":{"line":24,"column":null}},"10":{"start":{"line":27,"column":21},"end":{"line":27,"column":null}},"11":{"start":{"line":28,"column":2},"end":{"line":31,"column":null}},"12":{"start":{"line":29,"column":4},"end":{"line":29,"column":null}},"13":{"start":{"line":30,"column":4},"end":{"line":30,"column":null}},"14":{"start":{"line":33,"column":2},"end":{"line":53,"column":null}},"15":{"start":{"line":36,"column":6},"end":{"line":39,"column":null}},"16":{"start":{"line":37,"column":8},"end":{"line":37,"column":null}},"17":{"start":{"line":38,"column":8},"end":{"line":38,"column":null}},"18":{"start":{"line":41,"column":19},"end":{"line":41,"column":null}},"19":{"start":{"line":42,"column":29},"end":{"line":42,"column":null}},"20":{"start":{"line":44,"column":6},"end":{"line":46,"column":null}},"21":{"start":{"line":49,"column":6},"end":{"line":49,"column":null}},"22":{"start":{"line":49,"column":20},"end":{"line":49,"column":null}},"23":{"start":{"line":50,"column":30},"end":{"line":50,"column":null}},"24":{"start":{"line":51,"column":6},"end":{"line":51,"column":null}},"25":{"start":{"line":53,"column":22},"end":{"line":53,"column":33}},"26":{"start":{"line":56,"column":18},"end":{"line":109,"column":null}},"27":{"start":{"line":57,"column":30},"end":{"line":57,"column":null}},"28":{"start":{"line":58,"column":22},"end":{"line":58,"column":null}},"29":{"start":{"line":60,"column":2},"end":{"line":63,"column":null}},"30":{"start":{"line":61,"column":4},"end":{"line":61,"column":null}},"31":{"start":{"line":62,"column":4},"end":{"line":62,"column":null}},"32":{"start":{"line":65,"column":2},"end":{"line":68,"column":null}},"33":{"start":{"line":66,"column":4},"end":{"line":66,"column":null}},"34":{"start":{"line":67,"column":4},"end":{"line":67,"column":null}},"35":{"start":{"line":70,"column":2},"end":{"line":108,"column":null}},"36":{"start":{"line":75,"column":6},"end":{"line":78,"column":null}},"37":{"start":{"line":76,"column":8},"end":{"line":76,"column":null}},"38":{"start":{"line":77,"column":8},"end":{"line":77,"column":null}},"39":{"start":{"line":80,"column":30},"end":{"line":80,"column":null}},"40":{"start":{"line":81,"column":6},"end":{"line":86,"column":null}},"41":{"start":{"line":82,"column":8},"end":{"line":84,"column":null}},"42":{"start":{"line":85,"column":8},"end":{"line":85,"column":null}},"43":{"start":{"line":88,"column":61},"end":{"line":88,"column":null}},"44":{"start":{"line":90,"column":22},"end":{"line":95,"column":null}},"45":{"start":{"line":97,"column":24},"end":{"line":101,"column":null}},"46":{"start":{"line":103,"column":6},"end":{"line":106,"column":null}},"47":{"start":{"line":108,"column":22},"end":{"line":108,"column":33}},"48":{"start":{"line":111,"column":19},"end":{"line":113,"column":null}},"49":{"start":{"line":112,"column":2},"end":{"line":112,"column":null}},"50":{"start":{"line":115,"column":19},"end":{"line":125,"column":null}},"51":{"start":{"line":116,"column":18},"end":{"line":116,"column":null}},"52":{"start":{"line":118,"column":2},"end":{"line":121,"column":null}},"53":{"start":{"line":119,"column":4},"end":{"line":119,"column":null}},"54":{"start":{"line":120,"column":4},"end":{"line":120,"column":null}},"55":{"start":{"line":123,"column":2},"end":{"line":123,"column":null}},"56":{"start":{"line":124,"column":2},"end":{"line":124,"column":null}}},"fnMap":{"0":{"name":"(anonymous_0)","decl":{"start":{"line":10,"column":19},"end":{"line":10,"column":20}},"loc":{"start":{"line":10,"column":72},"end":{"line":54,"column":null}},"line":10},"1":{"name":"(anonymous_1)","decl":{"start":{"line":35,"column":10},"end":{"line":35,"column":11}},"loc":{"start":{"line":35,"column":20},"end":{"line":47,"column":5}},"line":35},"2":{"name":"(anonymous_2)","decl":{"start":{"line":48,"column":10},"end":{"line":48,"column":11}},"loc":{"start":{"line":48,"column":23},"end":{"line":52,"column":5}},"line":48},"3":{"name":"(anonymous_3)","decl":{"start":{"line":53,"column":11},"end":{"line":53,"column":12}},"loc":{"start":{"line":53,"column":22},"end":{"line":53,"column":33}},"line":53},"4":{"name":"(anonymous_4)","decl":{"start":{"line":56,"column":18},"end":{"line":56,"column":19}},"loc":{"start":{"line":56,"column":71},"end":{"line":109,"column":null}},"line":56},"5":{"name":"(anonymous_5)","decl":{"start":{"line":74,"column":10},"end":{"line":74,"column":11}},"loc":{"start":{"line":74,"column":20},"end":{"line":107,"column":5}},"line":74},"6":{"name":"(anonymous_6)","decl":{"start":{"line":108,"column":11},"end":{"line":108,"column":12}},"loc":{"start":{"line":108,"column":22},"end":{"line":108,"column":33}},"line":108},"7":{"name":"(anonymous_7)","decl":{"start":{"line":111,"column":19},"end":{"line":111,"column":20}},"loc":{"start":{"line":111,"column":52},"end":{"line":113,"column":null}},"line":111},"8":{"name":"(anonymous_8)","decl":{"start":{"line":115,"column":19},"end":{"line":115,"column":20}},"loc":{"start":{"line":115,"column":52},"end":{"line":125,"column":null}},"line":115}},"branchMap":{"0":{"loc":{"start":{"line":13,"column":2},"end":{"line":16,"column":null}},"type":"if","locations":[{"start":{"line":13,"column":2},"end":{"line":16,"column":null}},{"start":{},"end":{}}],"line":13},"1":{"loc":{"start":{"line":13,"column":6},"end":{"line":13,"column":40}},"type":"binary-expr","locations":[{"start":{"line":13,"column":6},"end":{"line":13,"column":19}},{"start":{"line":13,"column":19},"end":{"line":13,"column":29}},{"start":{"line":13,"column":29},"end":{"line":13,"column":40}}],"line":13},"2":{"loc":{"start":{"line":19,"column":2},"end":{"line":25,"column":null}},"type":"if","locations":[{"start":{"line":19,"column":2},"end":{"line":25,"column":null}},{"start":{},"end":{}}],"line":19},"3":{"loc":{"start":{"line":28,"column":2},"end":{"line":31,"column":null}},"type":"if","locations":[{"start":{"line":28,"column":2},"end":{"line":31,"column":null}},{"start":{},"end":{}}],"line":28},"4":{"loc":{"start":{"line":36,"column":6},"end":{"line":39,"column":null}},"type":"if","locations":[{"start":{"line":36,"column":6},"end":{"line":39,"column":null}},{"start":{},"end":{}}],"line":36},"5":{"loc":{"start":{"line":49,"column":6},"end":{"line":49,"column":null}},"type":"if","locations":[{"start":{"line":49,"column":6},"end":{"line":49,"column":null}},{"start":{},"end":{}}],"line":49},"6":{"loc":{"start":{"line":60,"column":2},"end":{"line":63,"column":null}},"type":"if","locations":[{"start":{"line":60,"column":2},"end":{"line":63,"column":null}},{"start":{},"end":{}}],"line":60},"7":{"loc":{"start":{"line":60,"column":6},"end":{"line":60,"column":27}},"type":"binary-expr","locations":[{"start":{"line":60,"column":6},"end":{"line":60,"column":16}},{"start":{"line":60,"column":16},"end":{"line":60,"column":27}}],"line":60},"8":{"loc":{"start":{"line":65,"column":2},"end":{"line":68,"column":null}},"type":"if","locations":[{"start":{"line":65,"column":2},"end":{"line":68,"column":null}},{"start":{},"end":{}}],"line":65},"9":{"loc":{"start":{"line":75,"column":6},"end":{"line":78,"column":null}},"type":"if","locations":[{"start":{"line":75,"column":6},"end":{"line":78,"column":null}},{"start":{},"end":{}}],"line":75},"10":{"loc":{"start":{"line":81,"column":6},"end":{"line":86,"column":null}},"type":"if","locations":[{"start":{"line":81,"column":6},"end":{"line":86,"column":null}},{"start":{},"end":{}}],"line":81},"11":{"loc":{"start":{"line":118,"column":2},"end":{"line":121,"column":null}},"type":"if","locations":[{"start":{"line":118,"column":2},"end":{"line":121,"column":null}},{"start":{},"end":{}}],"line":118},"12":{"loc":{"start":{"line":118,"column":6},"end":{"line":118,"column":47}},"type":"binary-expr","locations":[{"start":{"line":118,"column":6},"end":{"line":118,"column":18}},{"start":{"line":118,"column":18},"end":{"line":118,"column":47}}],"line":118}},"s":{"0":1,"1":1,"2":6,"3":6,"4":1,"5":1,"6":5,"7":5,"8":1,"9":1,"10":4,"11":4,"12":1,"13":1,"14":3,"15":2,"16":1,"17":1,"18":1,"19":1,"20":1,"21":2,"22":1,"23":1,"24":1,"25":1,"26":1,"27":6,"28":6,"29":6,"30":1,"31":1,"32":5,"33":1,"34":1,"35":4,"36":3,"37":1,"38":1,"39":2,"40":2,"41":1,"42":1,"43":1,"44":1,"45":1,"46":1,"47":1,"48":1,"49":1,"50":1,"51":2,"52":2,"53":1,"54":1,"55":1,"56":1},"f":{"0":6,"1":2,"2":2,"3":1,"4":6,"5":3,"6":1,"7":1,"8":2},"b":{"0":[1,5],"1":[6,5,5],"2":[1,4],"3":[1,3],"4":[1,1],"5":[1,1],"6":[1,5],"7":[6,6],"8":[1,4],"9":[1,2],"10":[1,1],"11":[1,1],"12":[2,1]},"meta":{"lastBranch":13,"lastFunction":9,"lastStatement":57,"seen":{"s:8:19:8:Infinity":0,"s:10:19:54:Infinity":1,"f:10:19:10:20":0,"s:11:40:11:Infinity":2,"b:13:2:16:Infinity:undefined:undefined:undefined:undefined":0,"s:13:2:16:Infinity":3,"b:13:6:13:19:13:19:13:29:13:29:13:40":1,"s:14:4:14:Infinity":4,"s:15:4:15:Infinity":5,"s:18:24:18:Infinity":6,"b:19:2:25:Infinity:undefined:undefined:undefined:undefined":2,"s:19:2:25:Infinity":7,"s:20:4:23:Infinity":8,"s:24:4:24:Infinity":9,"s:27:21:27:Infinity":10,"b:28:2:31:Infinity:undefined:undefined:undefined:undefined":3,"s:28:2:31:Infinity":11,"s:29:4:29:Infinity":12,"s:30:4:30:Infinity":13,"s:33:2:53:Infinity":14,"f:35:10:35:11":1,"b:36:6:39:Infinity:undefined:undefined:undefined:undefined":4,"s:36:6:39:Infinity":15,"s:37:8:37:Infinity":16,"s:38:8:38:Infinity":17,"s:41:19:41:Infinity":18,"s:42:29:42:Infinity":19,"s:44:6:46:Infinity":20,"f:48:10:48:11":2,"b:49:6:49:Infinity:undefined:undefined:undefined:undefined":5,"s:49:6:49:Infinity":21,"s:49:20:49:Infinity":22,"s:50:30:50:Infinity":23,"s:51:6:51:Infinity":24,"f:53:11:53:12":3,"s:53:22:53:33":25,"s:56:18:109:Infinity":26,"f:56:18:56:19":4,"s:57:30:57:Infinity":27,"s:58:22:58:Infinity":28,"b:60:2:63:Infinity:undefined:undefined:undefined:undefined":6,"s:60:2:63:Infinity":29,"b:60:6:60:16:60:16:60:27":7,"s:61:4:61:Infinity":30,"s:62:4:62:Infinity":31,"b:65:2:68:Infinity:undefined:undefined:undefined:undefined":8,"s:65:2:68:Infinity":32,"s:66:4:66:Infinity":33,"s:67:4:67:Infinity":34,"s:70:2:108:Infinity":35,"f:74:10:74:11":5,"b:75:6:78:Infinity:undefined:undefined:undefined:undefined":9,"s:75:6:78:Infinity":36,"s:76:8:76:Infinity":37,"s:77:8:77:Infinity":38,"s:80:30:80:Infinity":39,"b:81:6:86:Infinity:undefined:undefined:undefined:undefined":10,"s:81:6:86:Infinity":40,"s:82:8:84:Infinity":41,"s:85:8:85:Infinity":42,"s:88:61:88:Infinity":43,"s:90:22:95:Infinity":44,"s:97:24:101:Infinity":45,"s:103:6:106:Infinity":46,"f:108:11:108:12":6,"s:108:22:108:33":47,"s:111:19:113:Infinity":48,"f:111:19:111:20":7,"s:112:2:112:Infinity":49,"s:115:19:125:Infinity":50,"f:115:19:115:20":8,"s:116:18:116:Infinity":51,"b:118:2:121:Infinity:undefined:undefined:undefined:undefined":11,"s:118:2:121:Infinity":52,"b:118:6:118:18:118:18:118:47":12,"s:119:4:119:Infinity":53,"s:120:4:120:Infinity":54,"s:123:2:123:Infinity":55,"s:124:2:124:Infinity":56}}}
,"C:\\Users\\LucasLelieurJiménez-\\Desktop\\TailorHub\\TailorHubChallenge_Backend\\src\\controllers\\restaurant.controllers.ts": {"path":"C:\\Users\\LucasLelieurJiménez-\\Desktop\\TailorHub\\TailorHubChallenge_Backend\\src\\controllers\\restaurant.controllers.ts","statementMap":{"0":{"start":{"line":4,"column":23},"end":{"line":7,"column":null}},"1":{"start":{"line":5,"column":17},"end":{"line":5,"column":null}},"2":{"start":{"line":6,"column":2},"end":{"line":6,"column":null}},"3":{"start":{"line":9,"column":26},"end":{"line":24,"column":null}},"4":{"start":{"line":10,"column":2},"end":{"line":23,"column":null}},"5":{"start":{"line":22,"column":27},"end":{"line":22,"column":60}},"6":{"start":{"line":23,"column":22},"end":{"line":23,"column":33}},"7":{"start":{"line":26,"column":26},"end":{"line":51,"column":null}},"8":{"start":{"line":27,"column":13},"end":{"line":27,"column":null}},"9":{"start":{"line":29,"column":2},"end":{"line":50,"column":null}},"10":{"start":{"line":43,"column":6},"end":{"line":46,"column":null}},"11":{"start":{"line":44,"column":8},"end":{"line":44,"column":null}},"12":{"start":{"line":45,"column":8},"end":{"line":45,"column":null}},"13":{"start":{"line":48,"column":6},"end":{"line":48,"column":null}},"14":{"start":{"line":50,"column":22},"end":{"line":50,"column":33}},"15":{"start":{"line":53,"column":25},"end":{"line":72,"column":null}},"16":{"start":{"line":54,"column":23},"end":{"line":54,"column":null}},"17":{"start":{"line":55,"column":88},"end":{"line":55,"column":null}},"18":{"start":{"line":57,"column":2},"end":{"line":71,"column":null}},"19":{"start":{"line":70,"column":16},"end":{"line":70,"column":84}},"20":{"start":{"line":71,"column":22},"end":{"line":71,"column":33}},"21":{"start":{"line":74,"column":25},"end":{"line":98,"column":null}},"22":{"start":{"line":75,"column":22},"end":{"line":75,"column":null}},"23":{"start":{"line":76,"column":2},"end":{"line":79,"column":null}},"24":{"start":{"line":77,"column":4},"end":{"line":77,"column":null}},"25":{"start":{"line":78,"column":4},"end":{"line":78,"column":null}},"26":{"start":{"line":81,"column":88},"end":{"line":81,"column":null}},"27":{"start":{"line":83,"column":2},"end":{"line":97,"column":null}},"28":{"start":{"line":96,"column":26},"end":{"line":96,"column":58}},"29":{"start":{"line":97,"column":22},"end":{"line":97,"column":33}},"30":{"start":{"line":100,"column":25},"end":{"line":107,"column":null}},"31":{"start":{"line":101,"column":13},"end":{"line":101,"column":null}},"32":{"start":{"line":103,"column":2},"end":{"line":106,"column":null}},"33":{"start":{"line":105,"column":26},"end":{"line":105,"column":58}},"34":{"start":{"line":106,"column":22},"end":{"line":106,"column":33}}},"fnMap":{"0":{"name":"(anonymous_0)","decl":{"start":{"line":4,"column":23},"end":{"line":4,"column":24}},"loc":{"start":{"line":4,"column":56},"end":{"line":7,"column":null}},"line":4},"1":{"name":"(anonymous_1)","decl":{"start":{"line":9,"column":26},"end":{"line":9,"column":27}},"loc":{"start":{"line":9,"column":79},"end":{"line":24,"column":null}},"line":9},"2":{"name":"(anonymous_2)","decl":{"start":{"line":22,"column":10},"end":{"line":22,"column":11}},"loc":{"start":{"line":22,"column":27},"end":{"line":22,"column":60}},"line":22},"3":{"name":"(anonymous_3)","decl":{"start":{"line":23,"column":11},"end":{"line":23,"column":12}},"loc":{"start":{"line":23,"column":22},"end":{"line":23,"column":33}},"line":23},"4":{"name":"(anonymous_4)","decl":{"start":{"line":26,"column":26},"end":{"line":26,"column":27}},"loc":{"start":{"line":26,"column":79},"end":{"line":51,"column":null}},"line":26},"5":{"name":"(anonymous_5)","decl":{"start":{"line":42,"column":10},"end":{"line":42,"column":11}},"loc":{"start":{"line":42,"column":26},"end":{"line":49,"column":5}},"line":42},"6":{"name":"(anonymous_6)","decl":{"start":{"line":50,"column":11},"end":{"line":50,"column":12}},"loc":{"start":{"line":50,"column":22},"end":{"line":50,"column":33}},"line":50},"7":{"name":"(anonymous_7)","decl":{"start":{"line":53,"column":25},"end":{"line":53,"column":26}},"loc":{"start":{"line":53,"column":78},"end":{"line":72,"column":null}},"line":53},"8":{"name":"(anonymous_8)","decl":{"start":{"line":70,"column":10},"end":{"line":70,"column":16}},"loc":{"start":{"line":70,"column":16},"end":{"line":70,"column":84}},"line":70},"9":{"name":"(anonymous_9)","decl":{"start":{"line":71,"column":11},"end":{"line":71,"column":12}},"loc":{"start":{"line":71,"column":22},"end":{"line":71,"column":33}},"line":71},"10":{"name":"(anonymous_10)","decl":{"start":{"line":74,"column":25},"end":{"line":74,"column":26}},"loc":{"start":{"line":74,"column":78},"end":{"line":98,"column":null}},"line":74},"11":{"name":"(anonymous_11)","decl":{"start":{"line":96,"column":10},"end":{"line":96,"column":11}},"loc":{"start":{"line":96,"column":26},"end":{"line":96,"column":58}},"line":96},"12":{"name":"(anonymous_12)","decl":{"start":{"line":97,"column":11},"end":{"line":97,"column":12}},"loc":{"start":{"line":97,"column":22},"end":{"line":97,"column":33}},"line":97},"13":{"name":"(anonymous_13)","decl":{"start":{"line":100,"column":25},"end":{"line":100,"column":26}},"loc":{"start":{"line":100,"column":78},"end":{"line":107,"column":null}},"line":100},"14":{"name":"(anonymous_14)","decl":{"start":{"line":105,"column":10},"end":{"line":105,"column":11}},"loc":{"start":{"line":105,"column":26},"end":{"line":105,"column":58}},"line":105},"15":{"name":"(anonymous_15)","decl":{"start":{"line":106,"column":11},"end":{"line":106,"column":12}},"loc":{"start":{"line":106,"column":22},"end":{"line":106,"column":33}},"line":106}},"branchMap":{"0":{"loc":{"start":{"line":6,"column":9},"end":{"line":6,"column":null}},"type":"cond-expr","locations":[{"start":{"line":6,"column":38},"end":{"line":6,"column":47}},{"start":{"line":6,"column":47},"end":{"line":6,"column":null}}],"line":6},"1":{"loc":{"start":{"line":43,"column":6},"end":{"line":46,"column":null}},"type":"if","locations":[{"start":{"line":43,"column":6},"end":{"line":46,"column":null}},{"start":{},"end":{}}],"line":43},"2":{"loc":{"start":{"line":76,"column":2},"end":{"line":79,"column":null}},"type":"if","locations":[{"start":{"line":76,"column":2},"end":{"line":79,"column":null}},{"start":{},"end":{}}],"line":76}},"s":{"0":1,"1":3,"2":3,"3":1,"4":2,"5":1,"6":1,"7":1,"8":3,"9":3,"10":2,"11":1,"12":1,"13":1,"14":1,"15":1,"16":2,"17":2,"18":2,"19":1,"20":1,"21":1,"22":3,"23":3,"24":1,"25":1,"26":2,"27":2,"28":1,"29":1,"30":1,"31":2,"32":2,"33":1,"34":1},"f":{"0":3,"1":2,"2":1,"3":1,"4":3,"5":2,"6":1,"7":2,"8":1,"9":1,"10":3,"11":1,"12":1,"13":2,"14":1,"15":1},"b":{"0":[2,1],"1":[1,1],"2":[1,2]},"meta":{"lastBranch":3,"lastFunction":16,"lastStatement":35,"seen":{"s:4:23:7:Infinity":0,"f:4:23:4:24":0,"s:5:17:5:Infinity":1,"s:6:2:6:Infinity":2,"b:6:38:6:47:6:47:6:Infinity":0,"s:9:26:24:Infinity":3,"f:9:26:9:27":1,"s:10:2:23:Infinity":4,"f:22:10:22:11":2,"s:22:27:22:60":5,"f:23:11:23:12":3,"s:23:22:23:33":6,"s:26:26:51:Infinity":7,"f:26:26:26:27":4,"s:27:13:27:Infinity":8,"s:29:2:50:Infinity":9,"f:42:10:42:11":5,"b:43:6:46:Infinity:undefined:undefined:undefined:undefined":1,"s:43:6:46:Infinity":10,"s:44:8:44:Infinity":11,"s:45:8:45:Infinity":12,"s:48:6:48:Infinity":13,"f:50:11:50:12":6,"s:50:22:50:33":14,"s:53:25:72:Infinity":15,"f:53:25:53:26":7,"s:54:23:54:Infinity":16,"s:55:88:55:Infinity":17,"s:57:2:71:Infinity":18,"f:70:10:70:16":8,"s:70:16:70:84":19,"f:71:11:71:12":9,"s:71:22:71:33":20,"s:74:25:98:Infinity":21,"f:74:25:74:26":10,"s:75:22:75:Infinity":22,"b:76:2:79:Infinity:undefined:undefined:undefined:undefined":2,"s:76:2:79:Infinity":23,"s:77:4:77:Infinity":24,"s:78:4:78:Infinity":25,"s:81:88:81:Infinity":26,"s:83:2:97:Infinity":27,"f:96:10:96:11":11,"s:96:26:96:58":28,"f:97:11:97:12":12,"s:97:22:97:33":29,"s:100:25:107:Infinity":30,"f:100:25:100:26":13,"s:101:13:101:Infinity":31,"s:103:2:106:Infinity":32,"f:105:10:105:11":14,"s:105:26:105:58":33,"f:106:11:106:12":15,"s:106:22:106:33":34}}}
,"C:\\Users\\LucasLelieurJiménez-\\Desktop\\TailorHub\\TailorHubChallenge_Backend\\src\\controllers\\review.controllers.ts": {"path":"C:\\Users\\LucasLelieurJiménez-\\Desktop\\TailorHub\\TailorHubChallenge_Backend\\src\\controllers\\review.controllers.ts","statementMap":{"0":{"start":{"line":4,"column":23},"end":{"line":7,"column":null}},"1":{"start":{"line":5,"column":17},"end":{"line":5,"column":null}},"2":{"start":{"line":6,"column":2},"end":{"line":6,"column":null}},"3":{"start":{"line":9,"column":21},"end":{"line":52,"column":null}},"4":{"start":{"line":10,"column":22},"end":{"line":10,"column":null}},"5":{"start":{"line":11,"column":2},"end":{"line":14,"column":null}},"6":{"start":{"line":12,"column":4},"end":{"line":12,"column":null}},"7":{"start":{"line":13,"column":4},"end":{"line":13,"column":null}},"8":{"start":{"line":16,"column":57},"end":{"line":16,"column":null}},"9":{"start":{"line":18,"column":2},"end":{"line":51,"column":null}},"10":{"start":{"line":20,"column":19},"end":{"line":23,"column":null}},"11":{"start":{"line":24,"column":6},"end":{"line":26,"column":null}},"12":{"start":{"line":25,"column":8},"end":{"line":25,"column":null}},"13":{"start":{"line":28,"column":21},"end":{"line":37,"column":null}},"14":{"start":{"line":39,"column":24},"end":{"line":41,"column":null}},"15":{"start":{"line":43,"column":6},"end":{"line":46,"column":null}},"16":{"start":{"line":48,"column":6},"end":{"line":48,"column":null}},"17":{"start":{"line":50,"column":22},"end":{"line":50,"column":50}},"18":{"start":{"line":51,"column":22},"end":{"line":51,"column":33}},"19":{"start":{"line":54,"column":21},"end":{"line":99,"column":null}},"20":{"start":{"line":55,"column":22},"end":{"line":55,"column":null}},"21":{"start":{"line":56,"column":2},"end":{"line":59,"column":null}},"22":{"start":{"line":57,"column":4},"end":{"line":57,"column":null}},"23":{"start":{"line":58,"column":4},"end":{"line":58,"column":null}},"24":{"start":{"line":61,"column":13},"end":{"line":61,"column":null}},"25":{"start":{"line":63,"column":2},"end":{"line":98,"column":null}},"26":{"start":{"line":65,"column":21},"end":{"line":68,"column":null}},"27":{"start":{"line":69,"column":6},"end":{"line":72,"column":null}},"28":{"start":{"line":70,"column":8},"end":{"line":70,"column":null}},"29":{"start":{"line":71,"column":8},"end":{"line":71,"column":null}},"30":{"start":{"line":74,"column":6},"end":{"line":77,"column":null}},"31":{"start":{"line":75,"column":8},"end":{"line":75,"column":null}},"32":{"start":{"line":76,"column":8},"end":{"line":76,"column":null}},"33":{"start":{"line":79,"column":19},"end":{"line":82,"column":null}},"34":{"start":{"line":83,"column":6},"end":{"line":85,"column":null}},"35":{"start":{"line":84,"column":8},"end":{"line":84,"column":null}},"36":{"start":{"line":87,"column":6},"end":{"line":87,"column":null}},"37":{"start":{"line":89,"column":24},"end":{"line":89,"column":null}},"38":{"start":{"line":89,"column":60},"end":{"line":89,"column":75}},"39":{"start":{"line":91,"column":6},"end":{"line":94,"column":null}},"40":{"start":{"line":96,"column":6},"end":{"line":96,"column":null}},"41":{"start":{"line":98,"column":22},"end":{"line":98,"column":33}},"42":{"start":{"line":101,"column":21},"end":{"line":137,"column":null}},"43":{"start":{"line":102,"column":22},"end":{"line":102,"column":null}},"44":{"start":{"line":103,"column":2},"end":{"line":106,"column":null}},"45":{"start":{"line":104,"column":4},"end":{"line":104,"column":null}},"46":{"start":{"line":105,"column":4},"end":{"line":105,"column":null}},"47":{"start":{"line":108,"column":13},"end":{"line":108,"column":null}},"48":{"start":{"line":109,"column":57},"end":{"line":109,"column":null}},"49":{"start":{"line":111,"column":2},"end":{"line":136,"column":null}},"50":{"start":{"line":114,"column":6},"end":{"line":117,"column":null}},"51":{"start":{"line":115,"column":8},"end":{"line":115,"column":null}},"52":{"start":{"line":116,"column":8},"end":{"line":116,"column":null}},"53":{"start":{"line":119,"column":6},"end":{"line":122,"column":null}},"54":{"start":{"line":120,"column":8},"end":{"line":120,"column":null}},"55":{"start":{"line":121,"column":8},"end":{"line":121,"column":null}},"56":{"start":{"line":124,"column":6},"end":{"line":127,"column":null}},"57":{"start":{"line":130,"column":6},"end":{"line":132,"column":null}},"58":{"start":{"line":131,"column":8},"end":{"line":131,"column":null}},"59":{"start":{"line":134,"column":6},"end":{"line":134,"column":null}},"60":{"start":{"line":136,"column":22},"end":{"line":136,"column":33}},"61":{"start":{"line":139,"column":22},"end":{"line":153,"column":null}},"62":{"start":{"line":140,"column":13},"end":{"line":140,"column":null}},"63":{"start":{"line":142,"column":2},"end":{"line":152,"column":null}},"64":{"start":{"line":145,"column":6},"end":{"line":148,"column":null}},"65":{"start":{"line":146,"column":8},"end":{"line":146,"column":null}},"66":{"start":{"line":147,"column":8},"end":{"line":147,"column":null}},"67":{"start":{"line":150,"column":6},"end":{"line":150,"column":null}},"68":{"start":{"line":152,"column":22},"end":{"line":152,"column":33}}},"fnMap":{"0":{"name":"(anonymous_0)","decl":{"start":{"line":4,"column":23},"end":{"line":4,"column":24}},"loc":{"start":{"line":4,"column":56},"end":{"line":7,"column":null}},"line":4},"1":{"name":"(anonymous_1)","decl":{"start":{"line":9,"column":21},"end":{"line":9,"column":22}},"loc":{"start":{"line":9,"column":74},"end":{"line":52,"column":null}},"line":9},"2":{"name":"(anonymous_2)","decl":{"start":{"line":19,"column":18},"end":{"line":19,"column":25}},"loc":{"start":{"line":19,"column":32},"end":{"line":49,"column":5}},"line":19},"3":{"name":"(anonymous_3)","decl":{"start":{"line":50,"column":10},"end":{"line":50,"column":11}},"loc":{"start":{"line":50,"column":22},"end":{"line":50,"column":50}},"line":50},"4":{"name":"(anonymous_4)","decl":{"start":{"line":51,"column":11},"end":{"line":51,"column":12}},"loc":{"start":{"line":51,"column":22},"end":{"line":51,"column":33}},"line":51},"5":{"name":"(anonymous_5)","decl":{"start":{"line":54,"column":21},"end":{"line":54,"column":22}},"loc":{"start":{"line":54,"column":74},"end":{"line":99,"column":null}},"line":54},"6":{"name":"(anonymous_6)","decl":{"start":{"line":64,"column":18},"end":{"line":64,"column":25}},"loc":{"start":{"line":64,"column":32},"end":{"line":97,"column":5}},"line":64},"7":{"name":"(anonymous_7)","decl":{"start":{"line":89,"column":46},"end":{"line":89,"column":47}},"loc":{"start":{"line":89,"column":60},"end":{"line":89,"column":75}},"line":89},"8":{"name":"(anonymous_8)","decl":{"start":{"line":98,"column":11},"end":{"line":98,"column":12}},"loc":{"start":{"line":98,"column":22},"end":{"line":98,"column":33}},"line":98},"9":{"name":"(anonymous_9)","decl":{"start":{"line":101,"column":21},"end":{"line":101,"column":22}},"loc":{"start":{"line":101,"column":74},"end":{"line":137,"column":null}},"line":101},"10":{"name":"(anonymous_10)","decl":{"start":{"line":113,"column":10},"end":{"line":113,"column":11}},"loc":{"start":{"line":113,"column":22},"end":{"line":128,"column":5}},"line":113},"11":{"name":"(anonymous_11)","decl":{"start":{"line":129,"column":10},"end":{"line":129,"column":11}},"loc":{"start":{"line":129,"column":29},"end":{"line":135,"column":5}},"line":129},"12":{"name":"(anonymous_12)","decl":{"start":{"line":136,"column":11},"end":{"line":136,"column":12}},"loc":{"start":{"line":136,"column":22},"end":{"line":136,"column":33}},"line":136},"13":{"name":"(anonymous_13)","decl":{"start":{"line":139,"column":22},"end":{"line":139,"column":23}},"loc":{"start":{"line":139,"column":75},"end":{"line":153,"column":null}},"line":139},"14":{"name":"(anonymous_14)","decl":{"start":{"line":144,"column":10},"end":{"line":144,"column":11}},"loc":{"start":{"line":144,"column":22},"end":{"line":151,"column":5}},"line":144},"15":{"name":"(anonymous_15)","decl":{"start":{"line":152,"column":11},"end":{"line":152,"column":12}},"loc":{"start":{"line":152,"column":22},"end":{"line":152,"column":33}},"line":152}},"branchMap":{"0":{"loc":{"start":{"line":6,"column":9},"end":{"line":6,"column":null}},"type":"cond-expr","locations":[{"start":{"line":6,"column":38},"end":{"line":6,"column":47}},{"start":{"line":6,"column":47},"end":{"line":6,"column":null}}],"line":6},"1":{"loc":{"start":{"line":11,"column":2},"end":{"line":14,"column":null}},"type":"if","locations":[{"start":{"line":11,"column":2},"end":{"line":14,"column":null}},{"start":{},"end":{}}],"line":11},"2":{"loc":{"start":{"line":24,"column":6},"end":{"line":26,"column":null}},"type":"if","locations":[{"start":{"line":24,"column":6},"end":{"line":26,"column":null}},{"start":{},"end":{}}],"line":24},"3":{"loc":{"start":{"line":39,"column":24},"end":{"line":41,"column":null}},"type":"cond-expr","locations":[{"start":{"line":40,"column":10},"end":{"line":40,"column":null}},{"start":{"line":41,"column":10},"end":{"line":41,"column":null}}],"line":39},"4":{"loc":{"start":{"line":56,"column":2},"end":{"line":59,"column":null}},"type":"if","locations":[{"start":{"line":56,"column":2},"end":{"line":59,"column":null}},{"start":{},"end":{}}],"line":56},"5":{"loc":{"start":{"line":69,"column":6},"end":{"line":72,"column":null}},"type":"if","locations":[{"start":{"line":69,"column":6},"end":{"line":72,"column":null}},{"start":{},"end":{}}],"line":69},"6":{"loc":{"start":{"line":74,"column":6},"end":{"line":77,"column":null}},"type":"if","locations":[{"start":{"line":74,"column":6},"end":{"line":77,"column":null}},{"start":{},"end":{}}],"line":74},"7":{"loc":{"start":{"line":83,"column":6},"end":{"line":85,"column":null}},"type":"if","locations":[{"start":{"line":83,"column":6},"end":{"line":85,"column":null}},{"start":{},"end":{}}],"line":83},"8":{"loc":{"start":{"line":103,"column":2},"end":{"line":106,"column":null}},"type":"if","locations":[{"start":{"line":103,"column":2},"end":{"line":106,"column":null}},{"start":{},"end":{}}],"line":103},"9":{"loc":{"start":{"line":114,"column":6},"end":{"line":117,"column":null}},"type":"if","locations":[{"start":{"line":114,"column":6},"end":{"line":117,"column":null}},{"start":{},"end":{}}],"line":114},"10":{"loc":{"start":{"line":119,"column":6},"end":{"line":122,"column":null}},"type":"if","locations":[{"start":{"line":119,"column":6},"end":{"line":122,"column":null}},{"start":{},"end":{}}],"line":119},"11":{"loc":{"start":{"line":130,"column":6},"end":{"line":132,"column":null}},"type":"if","locations":[{"start":{"line":130,"column":6},"end":{"line":132,"column":null}},{"start":{},"end":{}}],"line":130},"12":{"loc":{"start":{"line":145,"column":6},"end":{"line":148,"column":null}},"type":"if","locations":[{"start":{"line":145,"column":6},"end":{"line":148,"column":null}},{"start":{},"end":{}}],"line":145}},"s":{"0":1,"1":14,"2":14,"3":1,"4":4,"5":4,"6":1,"7":1,"8":3,"9":3,"10":2,"11":2,"12":1,"13":1,"14":1,"15":2,"16":1,"17":1,"18":2,"19":1,"20":5,"21":5,"22":1,"23":1,"24":4,"25":4,"26":4,"27":4,"28":1,"29":1,"30":3,"31":1,"32":1,"33":2,"34":2,"35":1,"36":1,"37":1,"38":2,"39":1,"40":1,"41":1,"42":1,"43":5,"44":5,"45":1,"46":1,"47":4,"48":4,"49":4,"50":3,"51":1,"52":1,"53":2,"54":1,"55":1,"56":1,"57":3,"58":2,"59":1,"60":1,"61":1,"62":3,"63":3,"64":2,"65":1,"66":1,"67":1,"68":1},"f":{"0":14,"1":4,"2":2,"3":1,"4":2,"5":5,"6":4,"7":2,"8":1,"9":5,"10":3,"11":3,"12":1,"13":3,"14":2,"15":1},"b":{"0":[11,3],"1":[1,3],"2":[1,1],"3":[0,1],"4":[1,4],"5":[1,3],"6":[1,2],"7":[1,1],"8":[1,4],"9":[1,2],"10":[1,1],"11":[2,1],"12":[1,1]},"meta":{"lastBranch":13,"lastFunction":16,"lastStatement":69,"seen":{"s:4:23:7:Infinity":0,"f:4:23:4:24":0,"s:5:17:5:Infinity":1,"s:6:2:6:Infinity":2,"b:6:38:6:47:6:47:6:Infinity":0,"s:9:21:52:Infinity":3,"f:9:21:9:22":1,"s:10:22:10:Infinity":4,"b:11:2:14:Infinity:undefined:undefined:undefined:undefined":1,"s:11:2:14:Infinity":5,"s:12:4:12:Infinity":6,"s:13:4:13:Infinity":7,"s:16:57:16:Infinity":8,"s:18:2:51:Infinity":9,"f:19:18:19:25":2,"s:20:19:23:Infinity":10,"b:24:6:26:Infinity:undefined:undefined:undefined:undefined":2,"s:24:6:26:Infinity":11,"s:25:8:25:Infinity":12,"s:28:21:37:Infinity":13,"s:39:24:41:Infinity":14,"b:40:10:40:Infinity:41:10:41:Infinity":3,"s:43:6:46:Infinity":15,"s:48:6:48:Infinity":16,"f:50:10:50:11":3,"s:50:22:50:50":17,"f:51:11:51:12":4,"s:51:22:51:33":18,"s:54:21:99:Infinity":19,"f:54:21:54:22":5,"s:55:22:55:Infinity":20,"b:56:2:59:Infinity:undefined:undefined:undefined:undefined":4,"s:56:2:59:Infinity":21,"s:57:4:57:Infinity":22,"s:58:4:58:Infinity":23,"s:61:13:61:Infinity":24,"s:63:2:98:Infinity":25,"f:64:18:64:25":6,"s:65:21:68:Infinity":26,"b:69:6:72:Infinity:undefined:undefined:undefined:undefined":5,"s:69:6:72:Infinity":27,"s:70:8:70:Infinity":28,"s:71:8:71:Infinity":29,"b:74:6:77:Infinity:undefined:undefined:undefined:undefined":6,"s:74:6:77:Infinity":30,"s:75:8:75:Infinity":31,"s:76:8:76:Infinity":32,"s:79:19:82:Infinity":33,"b:83:6:85:Infinity:undefined:undefined:undefined:undefined":7,"s:83:6:85:Infinity":34,"s:84:8:84:Infinity":35,"s:87:6:87:Infinity":36,"s:89:24:89:Infinity":37,"f:89:46:89:47":7,"s:89:60:89:75":38,"s:91:6:94:Infinity":39,"s:96:6:96:Infinity":40,"f:98:11:98:12":8,"s:98:22:98:33":41,"s:101:21:137:Infinity":42,"f:101:21:101:22":9,"s:102:22:102:Infinity":43,"b:103:2:106:Infinity:undefined:undefined:undefined:undefined":8,"s:103:2:106:Infinity":44,"s:104:4:104:Infinity":45,"s:105:4:105:Infinity":46,"s:108:13:108:Infinity":47,"s:109:57:109:Infinity":48,"s:111:2:136:Infinity":49,"f:113:10:113:11":10,"b:114:6:117:Infinity:undefined:undefined:undefined:undefined":9,"s:114:6:117:Infinity":50,"s:115:8:115:Infinity":51,"s:116:8:116:Infinity":52,"b:119:6:122:Infinity:undefined:undefined:undefined:undefined":10,"s:119:6:122:Infinity":53,"s:120:8:120:Infinity":54,"s:121:8:121:Infinity":55,"s:124:6:127:Infinity":56,"f:129:10:129:11":11,"b:130:6:132:Infinity:undefined:undefined:undefined:undefined":11,"s:130:6:132:Infinity":57,"s:131:8:131:Infinity":58,"s:134:6:134:Infinity":59,"f:136:11:136:12":12,"s:136:22:136:33":60,"s:139:22:153:Infinity":61,"f:139:22:139:23":13,"s:140:13:140:Infinity":62,"s:142:2:152:Infinity":63,"f:144:10:144:11":14,"b:145:6:148:Infinity:undefined:undefined:undefined:undefined":12,"s:145:6:148:Infinity":64,"s:146:8:146:Infinity":65,"s:147:8:147:Infinity":66,"s:150:6:150:Infinity":67,"f:152:11:152:12":15,"s:152:22:152:33":68}}}
,"C:\\Users\\LucasLelieurJiménez-\\Desktop\\TailorHub\\TailorHubChallenge_Backend\\src\\controllers\\user.controllers.ts": {"path":"C:\\Users\\LucasLelieurJiménez-\\Desktop\\TailorHub\\TailorHubChallenge_Backend\\src\\controllers\\user.controllers.ts","statementMap":{"0":{"start":{"line":4,"column":23},"end":{"line":7,"column":null}},"1":{"start":{"line":5,"column":17},"end":{"line":5,"column":null}},"2":{"start":{"line":6,"column":2},"end":{"line":6,"column":null}},"3":{"start":{"line":9,"column":20},"end":{"line":41,"column":null}},"4":{"start":{"line":10,"column":26},"end":{"line":10,"column":null}},"5":{"start":{"line":11,"column":22},"end":{"line":11,"column":null}},"6":{"start":{"line":13,"column":2},"end":{"line":16,"column":null}},"7":{"start":{"line":14,"column":4},"end":{"line":14,"column":null}},"8":{"start":{"line":15,"column":4},"end":{"line":15,"column":null}},"9":{"start":{"line":18,"column":2},"end":{"line":21,"column":null}},"10":{"start":{"line":19,"column":4},"end":{"line":19,"column":null}},"11":{"start":{"line":20,"column":4},"end":{"line":20,"column":null}},"12":{"start":{"line":23,"column":2},"end":{"line":40,"column":null}},"13":{"start":{"line":28,"column":6},"end":{"line":31,"column":null}},"14":{"start":{"line":29,"column":8},"end":{"line":29,"column":null}},"15":{"start":{"line":30,"column":8},"end":{"line":30,"column":null}},"16":{"start":{"line":33,"column":60},"end":{"line":33,"column":null}},"17":{"start":{"line":34,"column":6},"end":{"line":38,"column":null}},"18":{"start":{"line":40,"column":22},"end":{"line":40,"column":33}},"19":{"start":{"line":43,"column":30},"end":{"line":79,"column":null}},"20":{"start":{"line":44,"column":23},"end":{"line":44,"column":null}},"21":{"start":{"line":45,"column":22},"end":{"line":45,"column":null}},"22":{"start":{"line":47,"column":2},"end":{"line":50,"column":null}},"23":{"start":{"line":48,"column":4},"end":{"line":48,"column":null}},"24":{"start":{"line":49,"column":4},"end":{"line":49,"column":null}},"25":{"start":{"line":52,"column":2},"end":{"line":78,"column":null}},"26":{"start":{"line":54,"column":19},"end":{"line":57,"column":null}},"27":{"start":{"line":58,"column":6},"end":{"line":60,"column":null}},"28":{"start":{"line":59,"column":8},"end":{"line":59,"column":null}},"29":{"start":{"line":62,"column":36},"end":{"line":64,"column":null}},"30":{"start":{"line":66,"column":6},"end":{"line":70,"column":null}},"31":{"start":{"line":73,"column":6},"end":{"line":76,"column":null}},"32":{"start":{"line":78,"column":22},"end":{"line":78,"column":33}},"33":{"start":{"line":81,"column":33},"end":{"line":115,"column":null}},"34":{"start":{"line":82,"column":23},"end":{"line":82,"column":null}},"35":{"start":{"line":83,"column":22},"end":{"line":83,"column":null}},"36":{"start":{"line":85,"column":2},"end":{"line":88,"column":null}},"37":{"start":{"line":86,"column":4},"end":{"line":86,"column":null}},"38":{"start":{"line":87,"column":4},"end":{"line":87,"column":null}},"39":{"start":{"line":90,"column":2},"end":{"line":114,"column":null}},"40":{"start":{"line":92,"column":19},"end":{"line":95,"column":null}},"41":{"start":{"line":96,"column":6},"end":{"line":98,"column":null}},"42":{"start":{"line":97,"column":8},"end":{"line":97,"column":null}},"43":{"start":{"line":100,"column":36},"end":{"line":100,"column":null}},"44":{"start":{"line":100,"column":78},"end":{"line":100,"column":97}},"45":{"start":{"line":102,"column":6},"end":{"line":106,"column":null}},"46":{"start":{"line":109,"column":6},"end":{"line":112,"column":null}},"47":{"start":{"line":114,"column":22},"end":{"line":114,"column":33}}},"fnMap":{"0":{"name":"(anonymous_0)","decl":{"start":{"line":4,"column":23},"end":{"line":4,"column":24}},"loc":{"start":{"line":4,"column":56},"end":{"line":7,"column":null}},"line":4},"1":{"name":"(anonymous_1)","decl":{"start":{"line":9,"column":20},"end":{"line":9,"column":21}},"loc":{"start":{"line":9,"column":73},"end":{"line":41,"column":null}},"line":9},"2":{"name":"(anonymous_2)","decl":{"start":{"line":27,"column":10},"end":{"line":27,"column":11}},"loc":{"start":{"line":27,"column":20},"end":{"line":39,"column":5}},"line":27},"3":{"name":"(anonymous_3)","decl":{"start":{"line":40,"column":11},"end":{"line":40,"column":12}},"loc":{"start":{"line":40,"column":22},"end":{"line":40,"column":33}},"line":40},"4":{"name":"(anonymous_4)","decl":{"start":{"line":43,"column":30},"end":{"line":43,"column":31}},"loc":{"start":{"line":43,"column":83},"end":{"line":79,"column":null}},"line":43},"5":{"name":"(anonymous_5)","decl":{"start":{"line":53,"column":18},"end":{"line":53,"column":25}},"loc":{"start":{"line":53,"column":32},"end":{"line":71,"column":5}},"line":53},"6":{"name":"(anonymous_6)","decl":{"start":{"line":72,"column":10},"end":{"line":72,"column":11}},"loc":{"start":{"line":73,"column":6},"end":{"line":76,"column":null}},"line":73},"7":{"name":"(anonymous_7)","decl":{"start":{"line":78,"column":11},"end":{"line":78,"column":12}},"loc":{"start":{"line":78,"column":22},"end":{"line":78,"column":33}},"line":78},"8":{"name":"(anonymous_8)","decl":{"start":{"line":81,"column":33},"end":{"line":81,"column":34}},"loc":{"start":{"line":81,"column":86},"end":{"line":115,"column":null}},"line":81},"9":{"name":"(anonymous_9)","decl":{"start":{"line":91,"column":18},"end":{"line":91,"column":25}},"loc":{"start":{"line":91,"column":32},"end":{"line":107,"column":5}},"line":91},"10":{"name":"(anonymous_10)","decl":{"start":{"line":100,"column":70},"end":{"line":100,"column":71}},"loc":{"start":{"line":100,"column":78},"end":{"line":100,"column":97}},"line":100},"11":{"name":"(anonymous_11)","decl":{"start":{"line":108,"column":10},"end":{"line":108,"column":11}},"loc":{"start":{"line":109,"column":6},"end":{"line":112,"column":null}},"line":109},"12":{"name":"(anonymous_12)","decl":{"start":{"line":114,"column":11},"end":{"line":114,"column":12}},"loc":{"start":{"line":114,"column":22},"end":{"line":114,"column":33}},"line":114}},"branchMap":{"0":{"loc":{"start":{"line":6,"column":9},"end":{"line":6,"column":null}},"type":"cond-expr","locations":[{"start":{"line":6,"column":38},"end":{"line":6,"column":47}},{"start":{"line":6,"column":47},"end":{"line":6,"column":null}}],"line":6},"1":{"loc":{"start":{"line":13,"column":2},"end":{"line":16,"column":null}},"type":"if","locations":[{"start":{"line":13,"column":2},"end":{"line":16,"column":null}},{"start":{},"end":{}}],"line":13},"2":{"loc":{"start":{"line":18,"column":2},"end":{"line":21,"column":null}},"type":"if","locations":[{"start":{"line":18,"column":2},"end":{"line":21,"column":null}},{"start":{},"end":{}}],"line":18},"3":{"loc":{"start":{"line":28,"column":6},"end":{"line":31,"column":null}},"type":"if","locations":[{"start":{"line":28,"column":6},"end":{"line":31,"column":null}},{"start":{},"end":{}}],"line":28},"4":{"loc":{"start":{"line":47,"column":2},"end":{"line":50,"column":null}},"type":"if","locations":[{"start":{"line":47,"column":2},"end":{"line":50,"column":null}},{"start":{},"end":{}}],"line":47},"5":{"loc":{"start":{"line":58,"column":6},"end":{"line":60,"column":null}},"type":"if","locations":[{"start":{"line":58,"column":6},"end":{"line":60,"column":null}},{"start":{},"end":{}}],"line":58},"6":{"loc":{"start":{"line":62,"column":36},"end":{"line":64,"column":null}},"type":"cond-expr","locations":[{"start":{"line":63,"column":10},"end":{"line":63,"column":null}},{"start":{"line":64,"column":10},"end":{"line":64,"column":null}}],"line":62},"7":{"loc":{"start":{"line":85,"column":2},"end":{"line":88,"column":null}},"type":"if","locations":[{"start":{"line":85,"column":2},"end":{"line":88,"column":null}},{"start":{},"end":{}}],"line":85},"8":{"loc":{"start":{"line":96,"column":6},"end":{"line":98,"column":null}},"type":"if","locations":[{"start":{"line":96,"column":6},"end":{"line":98,"column":null}},{"start":{},"end":{}}],"line":96}},"s":{"0":1,"1":11,"2":11,"3":1,"4":4,"5":4,"6":4,"7":1,"8":1,"9":3,"10":1,"11":1,"12":2,"13":2,"14":1,"15":1,"16":1,"17":1,"18":0,"19":1,"20":4,"21":4,"22":4,"23":1,"24":1,"25":3,"26":3,"27":3,"28":1,"29":2,"30":3,"31":2,"32":1,"33":1,"34":3,"35":3,"36":3,"37":1,"38":1,"39":2,"40":2,"41":2,"42":1,"43":1,"44":2,"45":1,"46":1,"47":1},"f":{"0":11,"1":4,"2":2,"3":0,"4":4,"5":3,"6":2,"7":1,"8":3,"9":2,"10":2,"11":1,"12":1},"b":{"0":[8,3],"1":[1,3],"2":[1,2],"3":[1,1],"4":[1,3],"5":[1,2],"6":[1,1],"7":[1,2],"8":[1,1]},"meta":{"lastBranch":9,"lastFunction":13,"lastStatement":48,"seen":{"s:4:23:7:Infinity":0,"f:4:23:4:24":0,"s:5:17:5:Infinity":1,"s:6:2:6:Infinity":2,"b:6:38:6:47:6:47:6:Infinity":0,"s:9:20:41:Infinity":3,"f:9:20:9:21":1,"s:10:26:10:Infinity":4,"s:11:22:11:Infinity":5,"b:13:2:16:Infinity:undefined:undefined:undefined:undefined":1,"s:13:2:16:Infinity":6,"s:14:4:14:Infinity":7,"s:15:4:15:Infinity":8,"b:18:2:21:Infinity:undefined:undefined:undefined:undefined":2,"s:18:2:21:Infinity":9,"s:19:4:19:Infinity":10,"s:20:4:20:Infinity":11,"s:23:2:40:Infinity":12,"f:27:10:27:11":2,"b:28:6:31:Infinity:undefined:undefined:undefined:undefined":3,"s:28:6:31:Infinity":13,"s:29:8:29:Infinity":14,"s:30:8:30:Infinity":15,"s:33:60:33:Infinity":16,"s:34:6:38:Infinity":17,"f:40:11:40:12":3,"s:40:22:40:33":18,"s:43:30:79:Infinity":19,"f:43:30:43:31":4,"s:44:23:44:Infinity":20,"s:45:22:45:Infinity":21,"b:47:2:50:Infinity:undefined:undefined:undefined:undefined":4,"s:47:2:50:Infinity":22,"s:48:4:48:Infinity":23,"s:49:4:49:Infinity":24,"s:52:2:78:Infinity":25,"f:53:18:53:25":5,"s:54:19:57:Infinity":26,"b:58:6:60:Infinity:undefined:undefined:undefined:undefined":5,"s:58:6:60:Infinity":27,"s:59:8:59:Infinity":28,"s:62:36:64:Infinity":29,"b:63:10:63:Infinity:64:10:64:Infinity":6,"s:66:6:70:Infinity":30,"f:72:10:72:11":6,"s:73:6:76:Infinity":31,"f:78:11:78:12":7,"s:78:22:78:33":32,"s:81:33:115:Infinity":33,"f:81:33:81:34":8,"s:82:23:82:Infinity":34,"s:83:22:83:Infinity":35,"b:85:2:88:Infinity:undefined:undefined:undefined:undefined":7,"s:85:2:88:Infinity":36,"s:86:4:86:Infinity":37,"s:87:4:87:Infinity":38,"s:90:2:114:Infinity":39,"f:91:18:91:25":9,"s:92:19:95:Infinity":40,"b:96:6:98:Infinity:undefined:undefined:undefined:undefined":8,"s:96:6:98:Infinity":41,"s:97:8:97:Infinity":42,"s:100:36:100:Infinity":43,"f:100:70:100:71":10,"s:100:78:100:97":44,"s:102:6:106:Infinity":45,"f:108:10:108:11":11,"s:109:6:112:Infinity":46,"f:114:11:114:12":12,"s:114:22:114:33":47}}}
,"C:\\Users\\LucasLelieurJiménez-\\Desktop\\TailorHub\\TailorHubChallenge_Backend\\src\\middlewares\\verifyToken.ts": {"path":"C:\\Users\\LucasLelieurJiménez-\\Desktop\\TailorHub\\TailorHubChallenge_Backend\\src\\middlewares\\verifyToken.ts","statementMap":{"0":{"start":{"line":5,"column":20},"end":{"line":54,"column":null}},"1":{"start":{"line":6,"column":30},"end":{"line":6,"column":null}},"2":{"start":{"line":8,"column":2},"end":{"line":11,"column":null}},"3":{"start":{"line":9,"column":4},"end":{"line":9,"column":null}},"4":{"start":{"line":10,"column":4},"end":{"line":10,"column":null}},"5":{"start":{"line":13,"column":2},"end":{"line":16,"column":null}},"6":{"start":{"line":14,"column":4},"end":{"line":14,"column":null}},"7":{"start":{"line":15,"column":4},"end":{"line":15,"column":null}},"8":{"start":{"line":18,"column":22},"end":{"line":18,"column":null}},"9":{"start":{"line":20,"column":2},"end":{"line":23,"column":null}},"10":{"start":{"line":21,"column":4},"end":{"line":21,"column":null}},"11":{"start":{"line":22,"column":4},"end":{"line":22,"column":null}},"12":{"start":{"line":25,"column":2},"end":{"line":28,"column":null}},"13":{"start":{"line":26,"column":4},"end":{"line":26,"column":null}},"14":{"start":{"line":27,"column":4},"end":{"line":27,"column":null}},"15":{"start":{"line":30,"column":2},"end":{"line":53,"column":null}},"16":{"start":{"line":31,"column":25},"end":{"line":31,"column":null}},"17":{"start":{"line":33,"column":4},"end":{"line":36,"column":null}},"18":{"start":{"line":34,"column":6},"end":{"line":34,"column":null}},"19":{"start":{"line":35,"column":6},"end":{"line":35,"column":null}},"20":{"start":{"line":38,"column":4},"end":{"line":41,"column":null}},"21":{"start":{"line":39,"column":6},"end":{"line":39,"column":null}},"22":{"start":{"line":40,"column":6},"end":{"line":40,"column":null}},"23":{"start":{"line":43,"column":4},"end":{"line":46,"column":null}},"24":{"start":{"line":44,"column":6},"end":{"line":44,"column":null}},"25":{"start":{"line":45,"column":6},"end":{"line":45,"column":null}},"26":{"start":{"line":48,"column":4},"end":{"line":48,"column":null}},"27":{"start":{"line":49,"column":4},"end":{"line":49,"column":null}},"28":{"start":{"line":50,"column":4},"end":{"line":50,"column":null}},"29":{"start":{"line":52,"column":4},"end":{"line":52,"column":null}}},"fnMap":{"0":{"name":"(anonymous_0)","decl":{"start":{"line":5,"column":20},"end":{"line":5,"column":21}},"loc":{"start":{"line":5,"column":79},"end":{"line":54,"column":null}},"line":5}},"branchMap":{"0":{"loc":{"start":{"line":8,"column":2},"end":{"line":11,"column":null}},"type":"if","locations":[{"start":{"line":8,"column":2},"end":{"line":11,"column":null}},{"start":{},"end":{}}],"line":8},"1":{"loc":{"start":{"line":13,"column":2},"end":{"line":16,"column":null}},"type":"if","locations":[{"start":{"line":13,"column":2},"end":{"line":16,"column":null}},{"start":{},"end":{}}],"line":13},"2":{"loc":{"start":{"line":20,"column":2},"end":{"line":23,"column":null}},"type":"if","locations":[{"start":{"line":20,"column":2},"end":{"line":23,"column":null}},{"start":{},"end":{}}],"line":20},"3":{"loc":{"start":{"line":25,"column":2},"end":{"line":28,"column":null}},"type":"if","locations":[{"start":{"line":25,"column":2},"end":{"line":28,"column":null}},{"start":{},"end":{}}],"line":25},"4":{"loc":{"start":{"line":33,"column":4},"end":{"line":36,"column":null}},"type":"if","locations":[{"start":{"line":33,"column":4},"end":{"line":36,"column":null}},{"start":{},"end":{}}],"line":33},"5":{"loc":{"start":{"line":38,"column":4},"end":{"line":41,"column":null}},"type":"if","locations":[{"start":{"line":38,"column":4},"end":{"line":41,"column":null}},{"start":{},"end":{}}],"line":38},"6":{"loc":{"start":{"line":38,"column":8},"end":{"line":38,"column":65}},"type":"binary-expr","locations":[{"start":{"line":38,"column":8},"end":{"line":38,"column":28}},{"start":{"line":38,"column":28},"end":{"line":38,"column":65}}],"line":38},"7":{"loc":{"start":{"line":43,"column":4},"end":{"line":46,"column":null}},"type":"if","locations":[{"start":{"line":43,"column":4},"end":{"line":46,"column":null}},{"start":{},"end":{}}],"line":43},"8":{"loc":{"start":{"line":43,"column":8},"end":{"line":43,"column":105}},"type":"binary-expr","locations":[{"start":{"line":43,"column":8},"end":{"line":43,"column":28}},{"start":{"line":43,"column":28},"end":{"line":43,"column":68}},{"start":{"line":43,"column":56},"end":{"line":43,"column":105}}],"line":43}},"s":{"0":2,"1":38,"2":38,"3":11,"4":11,"5":27,"6":2,"7":2,"8":25,"9":25,"10":0,"11":0,"12":25,"13":0,"14":0,"15":25,"16":25,"17":25,"18":0,"19":0,"20":13,"21":1,"22":1,"23":12,"24":1,"25":1,"26":11,"27":11,"28":11,"29":12},"f":{"0":38},"b":{"0":[11,27],"1":[2,25],"2":[0,25],"3":[0,25],"4":[0,25],"5":[1,12],"6":[13,12],"7":[1,11],"8":[12,12,12]},"meta":{"lastBranch":9,"lastFunction":1,"lastStatement":30,"seen":{"s:5:20:54:Infinity":0,"f:5:20:5:21":0,"s:6:30:6:Infinity":1,"b:8:2:11:Infinity:undefined:undefined:undefined:undefined":0,"s:8:2:11:Infinity":2,"s:9:4:9:Infinity":3,"s:10:4:10:Infinity":4,"b:13:2:16:Infinity:undefined:undefined:undefined:undefined":1,"s:13:2:16:Infinity":5,"s:14:4:14:Infinity":6,"s:15:4:15:Infinity":7,"s:18:22:18:Infinity":8,"b:20:2:23:Infinity:undefined:undefined:undefined:undefined":2,"s:20:2:23:Infinity":9,"s:21:4:21:Infinity":10,"s:22:4:22:Infinity":11,"b:25:2:28:Infinity:undefined:undefined:undefined:undefined":3,"s:25:2:28:Infinity":12,"s:26:4:26:Infinity":13,"s:27:4:27:Infinity":14,"s:30:2:53:Infinity":15,"s:31:25:31:Infinity":16,"b:33:4:36:Infinity:undefined:undefined:undefined:undefined":4,"s:33:4:36:Infinity":17,"s:34:6:34:Infinity":18,"s:35:6:35:Infinity":19,"b:38:4:41:Infinity:undefined:undefined:undefined:undefined":5,"s:38:4:41:Infinity":20,"b:38:8:38:28:38:28:38:65":6,"s:39:6:39:Infinity":21,"s:40:6:40:Infinity":22,"b:43:4:46:Infinity:undefined:undefined:undefined:undefined":7,"s:43:4:46:Infinity":23,"b:43:8:43:28:43:28:43:68:43:56:43:105":8,"s:44:6:44:Infinity":24,"s:45:6:45:Infinity":25,"s:48:4:48:Infinity":26,"s:49:4:49:Infinity":27,"s:50:4:50:Infinity":28,"s:52:4:52:Infinity":29}}}
,"C:\\Users\\LucasLelieurJiménez-\\Desktop\\TailorHub\\TailorHubChallenge_Backend\\src\\routes\\auth.routes.ts": {"path":"C:\\Users\\LucasLelieurJiménez-\\Desktop\\TailorHub\\TailorHubChallenge_Backend\\src\\routes\\auth.routes.ts","statementMap":{"0":{"start":{"line":5,"column":6},"end":{"line":5,"column":null}},"1":{"start":{"line":7,"column":0},"end":{"line":7,"column":null}},"2":{"start":{"line":8,"column":0},"end":{"line":8,"column":null}},"3":{"start":{"line":9,"column":0},"end":{"line":9,"column":null}},"4":{"start":{"line":10,"column":0},"end":{"line":10,"column":null}}},"fnMap":{},"branchMap":{},"s":{"0":1,"1":1,"2":1,"3":1,"4":1},"f":{},"b":{},"meta":{"lastBranch":0,"lastFunction":0,"lastStatement":5,"seen":{"s:5:6:5:Infinity":0,"s:7:0:7:Infinity":1,"s:8:0:8:Infinity":2,"s:9:0:9:Infinity":3,"s:10:0:10:Infinity":4}}}
,"C:\\Users\\LucasLelieurJiménez-\\Desktop\\TailorHub\\TailorHubChallenge_Backend\\src\\routes\\restaurant.routes.ts": {"path":"C:\\Users\\LucasLelieurJiménez-\\Desktop\\TailorHub\\TailorHubChallenge_Backend\\src\\routes\\restaurant.routes.ts","statementMap":{"0":{"start":{"line":11,"column":6},"end":{"line":11,"column":null}},"1":{"start":{"line":13,"column":0},"end":{"line":13,"column":null}},"2":{"start":{"line":14,"column":0},"end":{"line":14,"column":null}},"3":{"start":{"line":15,"column":0},"end":{"line":15,"column":null}},"4":{"start":{"line":16,"column":0},"end":{"line":16,"column":null}}},"fnMap":{},"branchMap":{},"s":{"0":1,"1":1,"2":1,"3":1,"4":1},"f":{},"b":{},"meta":{"lastBranch":0,"lastFunction":0,"lastStatement":5,"seen":{"s:11:6:11:Infinity":0,"s:13:0:13:Infinity":1,"s:14:0:14:Infinity":2,"s:15:0:15:Infinity":3,"s:16:0:16:Infinity":4}}}
,"C:\\Users\\LucasLelieurJiménez-\\Desktop\\TailorHub\\TailorHubChallenge_Backend\\src\\routes\\review.routes.ts": {"path":"C:\\Users\\LucasLelieurJiménez-\\Desktop\\TailorHub\\TailorHubChallenge_Backend\\src\\routes\\review.routes.ts","statementMap":{"0":{"start":{"line":11,"column":6},"end":{"line":11,"column":null}},"1":{"start":{"line":13,"column":0},"end":{"line":13,"column":null}},"2":{"start":{"line":14,"column":0},"end":{"line":14,"column":null}},"3":{"start":{"line":15,"column":0},"end":{"line":15,"column":null}},"4":{"start":{"line":16,"column":0},"end":{"line":16,"column":null}}},"fnMap":{},"branchMap":{},"s":{"0":1,"1":1,"2":1,"3":1,"4":1},"f":{},"b":{},"meta":{"lastBranch":0,"lastFunction":0,"lastStatement":5,"seen":{"s:11:6:11:Infinity":0,"s:13:0:13:Infinity":1,"s:14:0:14:Infinity":2,"s:15:0:15:Infinity":3,"s:16:0:16:Infinity":4}}}
,"C:\\Users\\LucasLelieurJiménez-\\Desktop\\TailorHub\\TailorHubChallenge_Backend\\src\\routes\\user.routes.ts": {"path":"C:\\Users\\LucasLelieurJiménez-\\Desktop\\TailorHub\\TailorHubChallenge_Backend\\src\\routes\\user.routes.ts","statementMap":{"0":{"start":{"line":10,"column":6},"end":{"line":10,"column":null}},"1":{"start":{"line":12,"column":0},"end":{"line":12,"column":null}},"2":{"start":{"line":13,"column":0},"end":{"line":13,"column":null}},"3":{"start":{"line":14,"column":0},"end":{"line":14,"column":null}}},"fnMap":{},"branchMap":{},"s":{"0":1,"1":1,"2":1,"3":1},"f":{},"b":{},"meta":{"lastBranch":0,"lastFunction":0,"lastStatement":4,"seen":{"s:10:6:10:Infinity":0,"s:12:0:12:Infinity":1,"s:13:0:13:Infinity":2,"s:14:0:14:Infinity":3}}}
,"C:\\Users\\LucasLelieurJiménez-\\Desktop\\TailorHub\\TailorHubChallenge_Backend\\src\\services\\token-revocation.ts": {"path":"C:\\Users\\LucasLelieurJiménez-\\Desktop\\TailorHub\\TailorHubChallenge_Backend\\src\\services\\token-revocation.ts","statementMap":{"0":{"start":{"line":1,"column":25},"end":{"line":1,"column":null}},"1":{"start":{"line":3,"column":23},"end":{"line":5,"column":null}},"2":{"start":{"line":4,"column":2},"end":{"line":4,"column":null}},"3":{"start":{"line":7,"column":26},"end":{"line":9,"column":null}},"4":{"start":{"line":8,"column":2},"end":{"line":8,"column":null}}},"fnMap":{"0":{"name":"(anonymous_0)","decl":{"start":{"line":3,"column":23},"end":{"line":3,"column":24}},"loc":{"start":{"line":3,"column":46},"end":{"line":5,"column":null}},"line":3},"1":{"name":"(anonymous_1)","decl":{"start":{"line":7,"column":26},"end":{"line":7,"column":27}},"loc":{"start":{"line":7,"column":52},"end":{"line":9,"column":null}},"line":7}},"branchMap":{},"s":{"0":2,"1":2,"2":1,"3":2,"4":12},"f":{"0":1,"1":12},"b":{},"meta":{"lastBranch":0,"lastFunction":2,"lastStatement":5,"seen":{"s:1:25:1:Infinity":0,"s:3:23:5:Infinity":1,"f:3:23:3:24":0,"s:4:2:4:Infinity":2,"s:7:26:9:Infinity":3,"f:7:26:7:27":1,"s:8:2:8:Infinity":4}}}
,"C:\\Users\\LucasLelieurJiménez-\\Desktop\\TailorHub\\TailorHubChallenge_Backend\\test\\helpers\\http.ts": {"path":"C:\\Users\\LucasLelieurJiménez-\\Desktop\\TailorHub\\TailorHubChallenge_Backend\\test\\helpers\\http.ts","statementMap":{"0":{"start":{"line":10,"column":27},"end":{"line":16,"column":null}},"1":{"start":{"line":11,"column":14},"end":{"line":11,"column":null}},"2":{"start":{"line":12,"column":2},"end":{"line":12,"column":null}},"3":{"start":{"line":13,"column":2},"end":{"line":13,"column":null}},"4":{"start":{"line":14,"column":2},"end":{"line":14,"column":null}},"5":{"start":{"line":15,"column":2},"end":{"line":15,"column":null}},"6":{"start":{"line":18,"column":22},"end":{"line":20,"column":null}},"7":{"start":{"line":19,"column":2},"end":{"line":19,"column":null}},"8":{"start":{"line":19,"column":39},"end":{"line":19,"column":60}}},"fnMap":{"0":{"name":"(anonymous_0)","decl":{"start":{"line":10,"column":27},"end":{"line":10,"column":33}},"loc":{"start":{"line":10,"column":33},"end":{"line":16,"column":null}},"line":10},"1":{"name":"(anonymous_1)","decl":{"start":{"line":18,"column":22},"end":{"line":18,"column":49}},"loc":{"start":{"line":18,"column":49},"end":{"line":20,"column":null}},"line":18},"2":{"name":"(anonymous_2)","decl":{"start":{"line":19,"column":26},"end":{"line":19,"column":27}},"loc":{"start":{"line":19,"column":39},"end":{"line":19,"column":60}},"line":19}},"branchMap":{},"s":{"0":4,"1":55,"2":55,"3":55,"4":55,"5":55,"6":4,"7":39,"8":39},"f":{"0":55,"1":39,"2":39},"b":{},"meta":{"lastBranch":0,"lastFunction":3,"lastStatement":9,"seen":{"s:10:27:16:Infinity":0,"f:10:27:10:33":0,"s:11:14:11:Infinity":1,"s:12:2:12:Infinity":2,"s:13:2:13:Infinity":3,"s:14:2:14:Infinity":4,"s:15:2:15:Infinity":5,"s:18:22:20:Infinity":6,"f:18:22:18:49":1,"s:19:2:19:Infinity":7,"f:19:26:19:27":2,"s:19:39:19:60":8}}}
}
