{"C:\\Users\\LucasLelieurJiménez-\\Desktop\\TailorHub\\TailorHubChallenge_Backend\\src\\controllers\\auth.controllers.ts": {"path":"C:\\Users\\LucasLelieurJiménez-\\Desktop\\TailorHub\\TailorHubChallenge_Backend\\src\\controllers\\auth.controllers.ts","statementMap":{"0":{"start":{"line":8,"column":19},"end":{"line":8,"column":null}},"1":{"start":{"line":10,"column":19},"end":{"line":62,"column":null}},"2":{"start":{"line":11,"column":40},"end":{"line":11,"column":null}},"3":{"start":{"line":13,"column":2},"end":{"line":16,"column":null}},"4":{"start":{"line":14,"column":4},"end":{"line":14,"column":null}},"5":{"start":{"line":15,"column":4},"end":{"line":15,"column":null}},"6":{"start":{"line":18,"column":24},"end":{"line":18,"column":null}},"7":{"start":{"line":19,"column":2},"end":{"line":25,"column":null}},"8":{"start":{"line":20,"column":4},"end":{"line":23,"column":null}},"9":{"start":{"line":24,"column":4},"end":{"line":24,"column":null}},"10":{"start":{"line":27,"column":21},"end":{"line":27,"column":null}},"11":{"start":{"line":28,"column":2},"end":{"line":31,"column":null}},"12":{"start":{"line":29,"column":4},"end":{"line":29,"column":null}},"13":{"start":{"line":30,"column":4},"end":{"line":30,"column":null}},"14":{"start":{"line":33,"column":2},"end":{"line":61,"column":null}},"15":{"start":{"line":36,"column":6},"end":{"line":39,"column":null}},"16":{"start":{"line":37,"column":8},"end":{"line":37,"column":null}},"17":{"start":{"line":38,"column":8},"end":{"line":38,"column":null}},"18":{"start":{"line":41,"column":19},"end":{"line":41,"column":null}},"19":{"start":{"line":42,"column":29},"end":{"line":42,"column":null}},"20":{"start":{"line":44,"column":6},"end":{"line":46,"column":null}},"21":{"start":{"line":49,"column":6},"end":{"line":49,"column":null}},"22":{"start":{"line":49,"column":20},"end":{"line":49,"column":null}},"23":{"start":{"line":50,"column":23},"end":{"line":58,"column":null}},"24":{"start":{"line":59,"column":6},"end":{"line":59,"column":null}},"25":{"start":{"line":61,"column":22},"end":{"line":61,"column":33}},"26":{"start":{"line":64,"column":18},"end":{"line":117,"column":null}},"27":{"start":{"line":65,"column":30},"end":{"line":65,"column":null}},"28":{"start":{"line":66,"column":22},"end":{"line":66,"column":null}},"29":{"start":{"line":68,"column":2},"end":{"line":71,"column":null}},"30":{"start":{"line":69,"column":4},"end":{"line":69,"column":null}},"31":{"start":{"line":70,"column":4},"end":{"line":70,"column":null}},"32":{"start":{"line":73,"column":2},"end":{"line":76,"column":null}},"33":{"start":{"line":74,"column":4},"end":{"line":74,"column":null}},"34":{"start":{"line":75,"column":4},"end":{"line":75,"column":null}},"35":{"start":{"line":78,"column":2},"end":{"line":116,"column":null}},"36":{"start":{"line":83,"column":6},"end":{"line":86,"column":null}},"37":{"start":{"line":84,"column":8},"end":{"line":84,"column":null}},"38":{"start":{"line":85,"column":8},"end":{"line":85,"column":null}},"39":{"start":{"line":88,"column":30},"end":{"line":88,"column":null}},"40":{"start":{"line":89,"column":6},"end":{"line":94,"column":null}},"41":{"start":{"line":90,"column":8},"end":{"line":92,"column":null}},"42":{"start":{"line":93,"column":8},"end":{"line":93,"column":null}},"43":{"start":{"line":96,"column":61},"end":{"line":96,"column":null}},"44":{"start":{"line":98,"column":22},"end":{"line":103,"column":null}},"45":{"start":{"line":105,"column":24},"end":{"line":109,"column":null}},"46":{"start":{"line":111,"column":6},"end":{"line":114,"column":null}},"47":{"start":{"line":116,"column":22},"end":{"line":116,"column":33}},"48":{"start":{"line":119,"column":19},"end":{"line":121,"column":null}},"49":{"start":{"line":120,"column":2},"end":{"line":120,"column":null}},"50":{"start":{"line":123,"column":19},"end":{"line":133,"column":null}},"51":{"start":{"line":124,"column":18},"end":{"line":124,"column":null}},"52":{"start":{"line":126,"column":2},"end":{"line":129,"column":null}},"53":{"start":{"line":127,"column":4},"end":{"line":127,"column":null}},"54":{"start":{"line":128,"column":4},"end":{"line":128,"column":null}},"55":{"start":{"line":131,"column":2},"end":{"line":131,"column":null}},"56":{"start":{"line":132,"column":2},"end":{"line":132,"column":null}}},"fnMap":{"0":{"name":"(anonymous_0)","decl":{"start":{"line":10,"column":19},"end":{"line":10,"column":20}},"loc":{"start":{"line":10,"column":72},"end":{"line":62,"column":null}},"line":10},"1":{"name":"(anonymous_1)","decl":{"start":{"line":35,"column":10},"end":{"line":35,"column":11}},"loc":{"start":{"line":35,"column":20},"end":{"line":47,"column":5}},"line":35},"2":{"name":"(anonymous_2)","decl":{"start":{"line":48,"column":10},"end":{"line":48,"column":11}},"loc":{"start":{"line":48,"column":23},"end":{"line":60,"column":5}},"line":48},"3":{"name":"(anonymous_3)","decl":{"start":{"line":61,"column":11},"end":{"line":61,"column":12}},"loc":{"start":{"line":61,"column":22},"end":{"line":61,"column":33}},"line":61},"4":{"name":"(anonymous_4)","decl":{"start":{"line":64,"column":18},"end":{"line":64,"column":19}},"loc":{"start":{"line":64,"column":71},"end":{"line":117,"column":null}},"line":64},"5":{"name":"(anonymous_5)","decl":{"start":{"line":82,"column":10},"end":{"line":82,"column":11}},"loc":{"start":{"line":82,"column":20},"end":{"line":115,"column":5}},"line":82},"6":{"name":"(anonymous_6)","decl":{"start":{"line":116,"column":11},"end":{"line":116,"column":12}},"loc":{"start":{"line":116,"column":22},"end":{"line":116,"column":33}},"line":116},"7":{"name":"(anonymous_7)","decl":{"start":{"line":119,"column":19},"end":{"line":119,"column":20}},"loc":{"start":{"line":119,"column":52},"end":{"line":121,"column":null}},"line":119},"8":{"name":"(anonymous_8)","decl":{"start":{"line":123,"column":19},"end":{"line":123,"column":20}},"loc":{"start":{"line":123,"column":52},"end":{"line":133,"column":null}},"line":123}},"branchMap":{"0":{"loc":{"start":{"line":13,"column":2},"end":{"line":16,"column":null}},"type":"if","locations":[{"start":{"line":13,"column":2},"end":{"line":16,"column":null}},{"start":{},"end":{}}],"line":13},"1":{"loc":{"start":{"line":13,"column":6},"end":{"line":13,"column":40}},"type":"binary-expr","locations":[{"start":{"line":13,"column":6},"end":{"line":13,"column":19}},{"start":{"line":13,"column":19},"end":{"line":13,"column":29}},{"start":{"line":13,"column":29},"end":{"line":13,"column":40}}],"line":13},"2":{"loc":{"start":{"line":19,"column":2},"end":{"line":25,"column":null}},"type":"if","locations":[{"start":{"line":19,"column":2},"end":{"line":25,"column":null}},{"start":{},"end":{}}],"line":19},"3":{"loc":{"start":{"line":28,"column":2},"end":{"line":31,"column":null}},"type":"if","locations":[{"start":{"line":28,"column":2},"end":{"line":31,"column":null}},{"start":{},"end":{}}],"line":28},"4":{"loc":{"start":{"line":36,"column":6},"end":{"line":39,"column":null}},"type":"if","locations":[{"start":{"line":36,"column":6},"end":{"line":39,"column":null}},{"start":{},"end":{}}],"line":36},"5":{"loc":{"start":{"line":49,"column":6},"end":{"line":49,"column":null}},"type":"if","locations":[{"start":{"line":49,"column":6},"end":{"line":49,"column":null}},{"start":{},"end":{}}],"line":49},"6":{"loc":{"start":{"line":68,"column":2},"end":{"line":71,"column":null}},"type":"if","locations":[{"start":{"line":68,"column":2},"end":{"line":71,"column":null}},{"start":{},"end":{}}],"line":68},"7":{"loc":{"start":{"line":68,"column":6},"end":{"line":68,"column":27}},"type":"binary-expr","locations":[{"start":{"line":68,"column":6},"end":{"line":68,"column":16}},{"start":{"line":68,"column":16},"end":{"line":68,"column":27}}],"line":68},"8":{"loc":{"start":{"line":73,"column":2},"end":{"line":76,"column":null}},"type":"if","locations":[{"start":{"line":73,"column":2},"end":{"line":76,"column":null}},{"start":{},"end":{}}],"line":73},"9":{"loc":{"start":{"line":83,"column":6},"end":{"line":86,"column":null}},"type":"if","locations":[{"start":{"line":83,"column":6},"end":{"line":86,"column":null}},{"start":{},"end":{}}],"line":83},"10":{"loc":{"start":{"line":89,"column":6},"end":{"line":94,"column":null}},"type":"if","locations":[{"start":{"line":89,"column":6},"end":{"line":94,"column":null}},{"start":{},"end":{}}],"line":89},"11":{"loc":{"start":{"line":126,"column":2},"end":{"line":129,"column":null}},"type":"if","locations":[{"start":{"line":126,"column":2},"end":{"line":129,"column":null}},{"start":{},"end":{}}],"line":126},"12":{"loc":{"start":{"line":126,"column":6},"end":{"line":126,"column":47}},"type":"binary-expr","locations":[{"start":{"line":126,"column":6},"end":{"line":126,"column":18}},{"start":{"line":126,"column":18},"end":{"line":126,"column":47}}],"line":126}},"s":{"0":1,"1":1,"2":6,"3":6,"4":1,"5":1,"6":5,"7":5,"8":1,"9":1,"10":4,"11":4,"12":1,"13":1,"14":3,"15":2,"16":1,"17":1,"18":1,"19":1,"20":1,"21":2,"22":1,"23":1,"24":1,"25":1,"26":1,"27":6,"28":6,"29":6,"30":1,"31":1,"32":5,"33":1,"34":1,"35":4,"36":3,"37":1,"38":1,"39":2,"40":2,"41":1,"42":1,"43":1,"44":1,"45":1,"46":1,"47":1,"48":1,"49":1,"50":1,"51":2,"52":2,"53":1,"54":1,"55":1,"56":1},"f":{"0":6,"1":2,"2":2,"3":1,"4":6,"5":3,"6":1,"7":1,"8":2},"b":{"0":[1,5],"1":[6,5,5],"2":[1,4],"3":[1,3],"4":[1,1],"5":[1,1],"6":[1,5],"7":[6,6],"8":[1,4],"9":[1,2],"10":[1,1],"11":[1,1],"12":[2,1]},"meta":{"lastBranch":13,"lastFunction":9,"lastStatement":57,"seen":{"s:8:19:8:Infinity":0,"s:10:19:62:Infinity":1,"f:10:19:10:20":0,"s:11:40:11:Infinity":2,"b:13:2:16:Infinity:undefined:undefined:undefined:undefined":0,"s:13:2:16:Infinity":3,"b:13:6:13:19:13:19:13:29:13:29:13:40":1,"s:14:4:14:Infinity":4,"s:15:4:15:Infinity":5,"s:18:24:18:Infinity":6,"b:19:2:25:Infinity:undefined:undefined:undefined:undefined":2,"s:19:2:25:Infinity":7,"s:20:4:23:Infinity":8,"s:24:4:24:Infinity":9,"s:27:21:27:Infinity":10,"b:28:2:31:Infinity:undefined:undefined:undefined:undefined":3,"s:28:2:31:Infinity":11,"s:29:4:29:Infinity":12,"s:30:4:30:Infinity":13,"s:33:2:61:Infinity":14,"f:35:10:35:11":1,"b:36:6:39:Infinity:undefined:undefined:undefined:undefined":4,"s:36:6:39:Infinity":15,"s:37:8:37:Infinity":16,"s:38:8:38:Infinity":17,"s:41:19:41:Infinity":18,"s:42:29:42:Infinity":19,"s:44:6:46:Infinity":20,"f:48:10:48:11":2,"b:49:6:49:Infinity:undefined:undefined:undefined:undefined":5,"s:49:6:49:Infinity":21,"s:49:20:49:Infinity":22,"s:50:23:58:Infinity":23,"s:59:6:59:Infinity":24,"f:61:11:61:12":3,"s:61:22:61:33":25,"s:64:18:117:Infinity":26,"f:64:18:64:19":4,"s:65:30:65:Infinity":27,"s:66:22:66:Infinity":28,"b:68:2:71:Infinity:undefined:undefined:undefined:undefined":6,"s:68:2:71:Infinity":29,"b:68:6:68:16:68:16:68:27":7,"s:69:4:69:Infinity":30,"s:70:4:70:Infinity":31,"b:73:2:76:Infinity:undefined:undefined:undefined:undefined":8,"s:73:2:76:Infinity":32,"s:74:4:74:Infinity":33,"s:75:4:75:Infinity":34,"s:78:2:116:Infinity":35,"f:82:10:82:11":5,"b:83:6:86:Infinity:undefined:undefined:undefined:undefined":9,"s:83:6:86:Infinity":36,"s:84:8:84:Infinity":37,"s:85:8:85:Infinity":38,"s:88:30:88:Infinity":39,"b:89:6:94:Infinity:undefined:undefined:undefined:undefined":10,"s:89:6:94:Infinity":40,"s:90:8:92:Infinity":41,"s:93:8:93:Infinity":42,"s:96:61:96:Infinity":43,"s:98:22:103:Infinity":44,"s:105:24:109:Infinity":45,"s:111:6:114:Infinity":46,"f:116:11:116:12":6,"s:116:22:116:33":47,"s:119:19:121:Infinity":48,"f:119:19:119:20":7,"s:120:2:120:Infinity":49,"s:123:19:133:Infinity":50,"f:123:19:123:20":8,"s:124:18:124:Infinity":51,"b:126:2:129:Infinity:undefined:undefined:undefined:undefined":11,"s:126:2:129:Infinity":52,"b:126:6:126:18:126:18:126:47":12,"s:127:4:127:Infinity":53,"s:128:4:128:Infinity":54,"s:131:2:131:Infinity":55,"s:132:2:132:Infinity":56}}}
,"C:\\Users\\LucasLelieurJiménez-\\Desktop\\TailorHub\\TailorHubChallenge_Backend\\src\\controllers\\restaurant.controllers.ts": {"path":"C:\\Users\\LucasLelieurJiménez-\\Desktop\\TailorHub\\TailorHubChallenge_Backend\\src\\controllers\\restaurant.controllers.ts","statementMap":{"0":{"start":{"line":4,"column":23},"end":{"line":7,"column":null}},"1":{"start":{"line":5,"column":17},"end":{"line":5,"column":null}},"2":{"start":{"line":6,"column":2},"end":{"line":6,"column":null}},"3":{"start":{"line":9,"column":26},"end":{"line":24,"column":null}},"4":{"start":{"line":10,"column":2},"end":{"line":23,"column":null}},"5":{"start":{"line":22,"column":27},"end":{"line":22,"column":60}},"6":{"start":{"line":23,"column":22},"end":{"line":23,"column":33}},"7":{"start":{"line":26,"column":26},"end":{"line":51,"column":null}},"8":{"start":{"line":27,"column":13},"end":{"line":27,"column":null}},"9":{"start":{"line":29,"column":2},"end":{"line":50,"column":null}},"10":{"start":{"line":43,"column":6},"end":{"line":46,"column":null}},"11":{"start":{"line":44,"column":8},"end":{"line":44,"column":null}},"12":{"start":{"line":45,"column":8},"end":{"line":45,"column":null}},"13":{"start":{"line":48,"column":6},"end":{"line":48,"column":null}},"14":{"start":{"line":50,"column":22},"end":{"line":50,"column":33}},"15":{"start":{"line":53,"column":25},"end":{"line":72,"column":null}},"16":{"start":{"line":54,"column":23},"end":{"line":54,"column":null}},"17":{"start":{"line":55,"column":88},"end":{"line":55,"column":null}},"18":{"start":{"line":57,"column":2},"end":{"line":71,"column":null}},"19":{"start":{"line":70,"column":16},"end":{"line":70,"column":84}},"20":{"start":{"line":71,"column":22},"end":{"line":71,"column":33}},"21":{"start":{"line":74,"column":25},"end":{"line":98,"column":null}},"22":{"start":{"line":75,"column":22},"end":{"line":75,"column":null}},"23":{"start":{"line":76,"column":2},"end":{"line":79,"column":null}},"24":{"start":{"line":77,"column":4},"end":{"line":77,"column":null}},"25":{"start":{"line":78,"column":4},"end":{"line":78,"column":null}},"26":{"start":{"line":81,"column":88},"end":{"line":81,"column":null}},"27":{"start":{"line":83,"column":2},"end":{"line":97,"column":null}},"28":{"start":{"line":96,"column":26},"end":{"line":96,"column":58}},"29":{"start":{"line":97,"column":22},"end":{"line":97,"column":33}},"30":{"start":{"line":100,"column":25},"end":{"line":132,"column":null}},"31":{"start":{"line":101,"column":22},"end":{"line":101,"column":null}},"32":{"start":{"line":102,"column":2},"end":{"line":105,"column":null}},"33":{"start":{"line":103,"column":4},"end":{"line":103,"column":null}},"34":{"start":{"line":104,"column":4},"end":{"line":104,"column":null}},"35":{"start":{"line":107,"column":13},"end":{"line":107,"column":null}},"36":{"start":{"line":109,"column":2},"end":{"line":131,"column":null}},"37":{"start":{"line":112,"column":6},"end":{"line":115,"column":null}},"38":{"start":{"line":113,"column":8},"end":{"line":113,"column":null}},"39":{"start":{"line":114,"column":8},"end":{"line":114,"column":null}},"40":{"start":{"line":117,"column":6},"end":{"line":120,"column":null}},"41":{"start":{"line":118,"column":8},"end":{"line":118,"column":null}},"42":{"start":{"line":119,"column":8},"end":{"line":119,"column":null}},"43":{"start":{"line":122,"column":6},"end":{"line":122,"column":null}},"44":{"start":{"line":125,"column":6},"end":{"line":127,"column":null}},"45":{"start":{"line":126,"column":8},"end":{"line":126,"column":null}},"46":{"start":{"line":129,"column":6},"end":{"line":129,"column":null}},"47":{"start":{"line":131,"column":22},"end":{"line":131,"column":33}}},"fnMap":{"0":{"name":"(anonymous_0)","decl":{"start":{"line":4,"column":23},"end":{"line":4,"column":24}},"loc":{"start":{"line":4,"column":56},"end":{"line":7,"column":null}},"line":4},"1":{"name":"(anonymous_1)","decl":{"start":{"line":9,"column":26},"end":{"line":9,"column":27}},"loc":{"start":{"line":9,"column":79},"end":{"line":24,"column":null}},"line":9},"2":{"name":"(anonymous_2)","decl":{"start":{"line":22,"column":10},"end":{"line":22,"column":11}},"loc":{"start":{"line":22,"column":27},"end":{"line":22,"column":60}},"line":22},"3":{"name":"(anonymous_3)","decl":{"start":{"line":23,"column":11},"end":{"line":23,"column":12}},"loc":{"start":{"line":23,"column":22},"end":{"line":23,"column":33}},"line":23},"4":{"name":"(anonymous_4)","decl":{"start":{"line":26,"column":26},"end":{"line":26,"column":27}},"loc":{"start":{"line":26,"column":79},"end":{"line":51,"column":null}},"line":26},"5":{"name":"(anonymous_5)","decl":{"start":{"line":42,"column":10},"end":{"line":42,"column":11}},"loc":{"start":{"line":42,"column":26},"end":{"line":49,"column":5}},"line":42},"6":{"name":"(anonymous_6)","decl":{"start":{"line":50,"column":11},"end":{"line":50,"column":12}},"loc":{"start":{"line":50,"column":22},"end":{"line":50,"column":33}},"line":50},"7":{"name":"(anonymous_7)","decl":{"start":{"line":53,"column":25},"end":{"line":53,"column":26}},"loc":{"start":{"line":53,"column":78},"end":{"line":72,"column":null}},"line":53},"8":{"name":"(anonymous_8)","decl":{"start":{"line":70,"column":10},"end":{"line":70,"column":16}},"loc":{"start":{"line":70,"column":16},"end":{"line":70,"column":84}},"line":70},"9":{"name":"(anonymous_9)","decl":{"start":{"line":71,"column":11},"end":{"line":71,"column":12}},"loc":{"start":{"line":71,"column":22},"end":{"line":71,"column":33}},"line":71},"10":{"name":"(anonymous_10)","decl":{"start":{"line":74,"column":25},"end":{"line":74,"column":26}},"loc":{"start":{"line":74,"column":78},"end":{"line":98,"column":null}},"line":74},"11":{"name":"(anonymous_11)","decl":{"start":{"line":96,"column":10},"end":{"line":96,"column":11}},"loc":{"start":{"line":96,"column":26},"end":{"line":96,"column":58}},"line":96},"12":{"name":"(anonymous_12)","decl":{"start":{"line":97,"column":11},"end":{"line":97,"column":12}},"loc":{"start":{"line":97,"column":22},"end":{"line":97,"column":33}},"line":97},"13":{"name":"(anonymous_13)","decl":{"start":{"line":100,"column":25},"end":{"line":100,"column":26}},"loc":{"start":{"line":100,"column":78},"end":{"line":132,"column":null}},"line":100},"14":{"name":"(anonymous_14)","decl":{"start":{"line":111,"column":10},"end":{"line":111,"column":11}},"loc":{"start":{"line":111,"column":26},"end":{"line":123,"column":5}},"line":111},"15":{"name":"(anonymous_15)","decl":{"start":{"line":124,"column":10},"end":{"line":124,"column":11}},"loc":{"start":{"line":124,"column":33},"end":{"line":130,"column":5}},"line":124},"16":{"name":"(anonymous_16)","decl":{"start":{"line":131,"column":11},"end":{"line":131,"column":12}},"loc":{"start":{"line":131,"column":22},"end":{"line":131,"column":33}},"line":131}},"branchMap":{"0":{"loc":{"start":{"line":6,"column":9},"end":{"line":6,"column":null}},"type":"cond-expr","locations":[{"start":{"line":6,"column":38},"end":{"line":6,"column":47}},{"start":{"line":6,"column":47},"end":{"line":6,"column":null}}],"line":6},"1":{"loc":{"start":{"line":43,"column":6},"end":{"line":46,"column":null}},"type":"if","locations":[{"start":{"line":43,"column":6},"end":{"line":46,"column":null}},{"start":{},"end":{}}],"line":43},"2":{"loc":{"start":{"line":76,"column":2},"end":{"line":79,"column":null}},"type":"if","locations":[{"start":{"line":76,"column":2},"end":{"line":79,"column":null}},{"start":{},"end":{}}],"line":76},"3":{"loc":{"start":{"line":102,"column":2},"end":{"line":105,"column":null}},"type":"if","locations":[{"start":{"line":102,"column":2},"end":{"line":105,"column":null}},{"start":{},"end":{}}],"line":102},"4":{"loc":{"start":{"line":112,"column":6},"end":{"line":115,"column":null}},"type":"if","locations":[{"start":{"line":112,"column":6},"end":{"line":115,"column":null}},{"start":{},"end":{}}],"line":112},"5":{"loc":{"start":{"line":117,"column":6},"end":{"line":120,"column":null}},"type":"if","locations":[{"start":{"line":117,"column":6},"end":{"line":120,"column":null}},{"start":{},"end":{}}],"line":117},"6":{"loc":{"start":{"line":117,"column":10},"end":{"line":117,"column":77}},"type":"binary-expr","locations":[{"start":{"line":117,"column":10},"end":{"line":117,"column":37}},{"start":{"line":117,"column":37},"end":{"line":117,"column":77}}],"line":117},"7":{"loc":{"start":{"line":125,"column":6},"end":{"line":127,"column":null}},"type":"if","locations":[{"start":{"line":125,"column":6},"end":{"line":127,"column":null}},{"start":{},"end":{}}],"line":125}},"s":{"0":1,"1":8,"2":8,"3":1,"4":2,"5":1,"6":1,"7":1,"8":3,"9":3,"10":2,"11":1,"12":1,"13":1,"14":1,"15":1,"16":2,"17":2,"18":2,"19":1,"20":1,"21":1,"22":3,"23":3,"24":1,"25":1,"26":2,"27":2,"28":1,"29":1,"30":1,"31":5,"32":5,"33":1,"34":1,"35":4,"36":4,"37":4,"38":1,"39":1,"40":3,"41":1,"42":1,"43":2,"44":3,"45":2,"46":1,"47":1},"f":{"0":8,"1":2,"2":1,"3":1,"4":3,"5":2,"6":1,"7":2,"8":1,"9":1,"10":3,"11":1,"12":1,"13":5,"14":4,"15":3,"16":1},"b":{"0":[6,2],"1":[1,1],"2":[1,2],"3":[1,4],"4":[1,3],"5":[1,2],"6":[3,3],"7":[2,1]},"meta":{"lastBranch":8,"lastFunction":17,"lastStatement":48,"seen":{"s:4:23:7:Infinity":0,"f:4:23:4:24":0,"s:5:17:5:Infinity":1,"s:6:2:6:Infinity":2,"b:6:38:6:47:6:47:6:Infinity":0,"s:9:26:24:Infinity":3,"f:9:26:9:27":1,"s:10:2:23:Infinity":4,"f:22:10:22:11":2,"s:22:27:22:60":5,"f:23:11:23:12":3,"s:23:22:23:33":6,"s:26:26:51:Infinity":7,"f:26:26:26:27":4,"s:27:13:27:Infinity":8,"s:29:2:50:Infinity":9,"f:42:10:42:11":5,"b:43:6:46:Infinity:undefined:undefined:undefined:undefined":1,"s:43:6:46:Infinity":10,"s:44:8:44:Infinity":11,"s:45:8:45:Infinity":12,"s:48:6:48:Infinity":13,"f:50:11:50:12":6,"s:50:22:50:33":14,"s:53:25:72:Infinity":15,"f:53:25:53:26":7,"s:54:23:54:Infinity":16,"s:55:88:55:Infinity":17,"s:57:2:71:Infinity":18,"f:70:10:70:16":8,"s:70:16:70:84":19,"f:71:11:71:12":9,"s:71:22:71:33":20,"s:74:25:98:Infinity":21,"f:74:25:74:26":10,"s:75:22:75:Infinity":22,"b:76:2:79:Infinity:undefined:undefined:undefined:undefined":2,"s:76:2:79:Infinity":23,"s:77:4:77:Infinity":24,"s:78:4:78:Infinity":25,"s:81:88:81:Infinity":26,"s:83:2:97:Infinity":27,"f:96:10:96:11":11,"s:96:26:96:58":28,"f:97:11:97:12":12,"s:97:22:97:33":29,"s:100:25:132:Infinity":30,"f:100:25:100:26":13,"s:101:22:101:Infinity":31,"b:102:2:105:Infinity:undefined:undefined:undefined:undefined":3,"s:102:2:105:Infinity":32,"s:103:4:103:Infinity":33,"s:104:4:104:Infinity":34,"s:107:13:107:Infinity":35,"s:109:2:131:Infinity":36,"f:111:10:111:11":14,"b:112:6:115:Infinity:undefined:undefined:undefined:undefined":4,"s:112:6:115:Infinity":37,"s:113:8:113:Infinity":38,"s:114:8:114:Infinity":39,"b:117:6:120:Infinity:undefined:undefined:undefined:undefined":5,"s:117:6:120:Infinity":40,"b:117:10:117:37:117:37:117:77":6,"s:118:8:118:Infinity":41,"s:119:8:119:Infinity":42,"s:122:6:122:Infinity":43,"f:124:10:124:11":15,"b:125:6:127:Infinity:undefined:undefined:undefined:undefined":7,"s:125:6:127:Infinity":44,"s:126:8:126:Infinity":45,"s:129:6:129:Infinity":46,"f:131:11:131:12":16,"s:131:22:131:33":47}}}
,"C:\\Users\\LucasLelieurJiménez-\\Desktop\\TailorHub\\TailorHubChallenge_Backend\\src\\controllers\\review.controllers.ts": {"path":"C:\\Users\\LucasLelieurJiménez-\\Desktop\\TailorHub\\TailorHubChallenge_Backend\\src\\controllers\\review.controllers.ts","statementMap":{"0":{"start":{"line":5,"column":23},"end":{"line":8,"column":null}},"1":{"start":{"line":6,"column":17},"end":{"line":6,"column":null}},"2":{"start":{"line":7,"column":2},"end":{"line":7,"column":null}},"3":{"start":{"line":10,"column":21},"end":{"line":53,"column":null}},"4":{"start":{"line":11,"column":22},"end":{"line":11,"column":null}},"5":{"start":{"line":12,"column":2},"end":{"line":15,"column":null}},"6":{"start":{"line":13,"column":4},"end":{"line":13,"column":null}},"7":{"start":{"line":14,"column":4},"end":{"line":14,"column":null}},"8":{"start":{"line":17,"column":57},"end":{"line":17,"column":null}},"9":{"start":{"line":19,"column":2},"end":{"line":52,"column":null}},"10":{"start":{"line":21,"column":19},"end":{"line":24,"column":null}},"11":{"start":{"line":25,"column":6},"end":{"line":27,"column":null}},"12":{"start":{"line":26,"column":8},"end":{"line":26,"column":null}},"13":{"start":{"line":29,"column":21},"end":{"line":38,"column":null}},"14":{"start":{"line":40,"column":24},"end":{"line":42,"column":null}},"15":{"start":{"line":44,"column":6},"end":{"line":47,"column":null}},"16":{"start":{"line":49,"column":6},"end":{"line":49,"column":null}},"17":{"start":{"line":51,"column":22},"end":{"line":51,"column":50}},"18":{"start":{"line":52,"column":22},"end":{"line":52,"column":33}},"19":{"start":{"line":55,"column":21},"end":{"line":100,"column":null}},"20":{"start":{"line":56,"column":22},"end":{"line":56,"column":null}},"21":{"start":{"line":57,"column":2},"end":{"line":60,"column":null}},"22":{"start":{"line":58,"column":4},"end":{"line":58,"column":null}},"23":{"start":{"line":59,"column":4},"end":{"line":59,"column":null}},"24":{"start":{"line":62,"column":13},"end":{"line":62,"column":null}},"25":{"start":{"line":64,"column":2},"end":{"line":99,"column":null}},"26":{"start":{"line":66,"column":21},"end":{"line":69,"column":null}},"27":{"start":{"line":70,"column":6},"end":{"line":73,"column":null}},"28":{"start":{"line":71,"column":8},"end":{"line":71,"column":null}},"29":{"start":{"line":72,"column":8},"end":{"line":72,"column":null}},"30":{"start":{"line":75,"column":6},"end":{"line":78,"column":null}},"31":{"start":{"line":76,"column":8},"end":{"line":76,"column":null}},"32":{"start":{"line":77,"column":8},"end":{"line":77,"column":null}},"33":{"start":{"line":80,"column":19},"end":{"line":83,"column":null}},"34":{"start":{"line":84,"column":6},"end":{"line":86,"column":null}},"35":{"start":{"line":85,"column":8},"end":{"line":85,"column":null}},"36":{"start":{"line":88,"column":6},"end":{"line":88,"column":null}},"37":{"start":{"line":90,"column":24},"end":{"line":90,"column":null}},"38":{"start":{"line":90,"column":60},"end":{"line":90,"column":75}},"39":{"start":{"line":92,"column":6},"end":{"line":95,"column":null}},"40":{"start":{"line":97,"column":6},"end":{"line":97,"column":null}},"41":{"start":{"line":99,"column":22},"end":{"line":99,"column":33}},"42":{"start":{"line":102,"column":21},"end":{"line":138,"column":null}},"43":{"start":{"line":103,"column":22},"end":{"line":103,"column":null}},"44":{"start":{"line":104,"column":2},"end":{"line":107,"column":null}},"45":{"start":{"line":105,"column":4},"end":{"line":105,"column":null}},"46":{"start":{"line":106,"column":4},"end":{"line":106,"column":null}},"47":{"start":{"line":109,"column":13},"end":{"line":109,"column":null}},"48":{"start":{"line":110,"column":57},"end":{"line":110,"column":null}},"49":{"start":{"line":112,"column":2},"end":{"line":137,"column":null}},"50":{"start":{"line":115,"column":6},"end":{"line":118,"column":null}},"51":{"start":{"line":116,"column":8},"end":{"line":116,"column":null}},"52":{"start":{"line":117,"column":8},"end":{"line":117,"column":null}},"53":{"start":{"line":120,"column":6},"end":{"line":123,"column":null}},"54":{"start":{"line":121,"column":8},"end":{"line":121,"column":null}},"55":{"start":{"line":122,"column":8},"end":{"line":122,"column":null}},"56":{"start":{"line":125,"column":6},"end":{"line":128,"column":null}},"57":{"start":{"line":131,"column":6},"end":{"line":133,"column":null}},"58":{"start":{"line":132,"column":8},"end":{"line":132,"column":null}},"59":{"start":{"line":135,"column":6},"end":{"line":135,"column":null}},"60":{"start":{"line":137,"column":22},"end":{"line":137,"column":33}},"61":{"start":{"line":140,"column":22},"end":{"line":154,"column":null}},"62":{"start":{"line":141,"column":13},"end":{"line":141,"column":null}},"63":{"start":{"line":143,"column":2},"end":{"line":153,"column":null}},"64":{"start":{"line":146,"column":6},"end":{"line":149,"column":null}},"65":{"start":{"line":147,"column":8},"end":{"line":147,"column":null}},"66":{"start":{"line":148,"column":8},"end":{"line":148,"column":null}},"67":{"start":{"line":151,"column":6},"end":{"line":151,"column":null}},"68":{"start":{"line":153,"column":22},"end":{"line":153,"column":33}}},"fnMap":{"0":{"name":"(anonymous_0)","decl":{"start":{"line":5,"column":23},"end":{"line":5,"column":24}},"loc":{"start":{"line":5,"column":56},"end":{"line":8,"column":null}},"line":5},"1":{"name":"(anonymous_1)","decl":{"start":{"line":10,"column":21},"end":{"line":10,"column":22}},"loc":{"start":{"line":10,"column":74},"end":{"line":53,"column":null}},"line":10},"2":{"name":"(anonymous_2)","decl":{"start":{"line":20,"column":18},"end":{"line":20,"column":25}},"loc":{"start":{"line":20,"column":32},"end":{"line":50,"column":5}},"line":20},"3":{"name":"(anonymous_3)","decl":{"start":{"line":51,"column":10},"end":{"line":51,"column":11}},"loc":{"start":{"line":51,"column":22},"end":{"line":51,"column":50}},"line":51},"4":{"name":"(anonymous_4)","decl":{"start":{"line":52,"column":11},"end":{"line":52,"column":12}},"loc":{"start":{"line":52,"column":22},"end":{"line":52,"column":33}},"line":52},"5":{"name":"(anonymous_5)","decl":{"start":{"line":55,"column":21},"end":{"line":55,"column":22}},"loc":{"start":{"line":55,"column":74},"end":{"line":100,"column":null}},"line":55},"6":{"name":"(anonymous_6)","decl":{"start":{"line":65,"column":18},"end":{"line":65,"column":25}},"loc":{"start":{"line":65,"column":32},"end":{"line":98,"column":5}},"line":65},"7":{"name":"(anonymous_7)","decl":{"start":{"line":90,"column":46},"end":{"line":90,"column":47}},"loc":{"start":{"line":90,"column":60},"end":{"line":90,"column":75}},"line":90},"8":{"name":"(anonymous_8)","decl":{"start":{"line":99,"column":11},"end":{"line":99,"column":12}},"loc":{"start":{"line":99,"column":22},"end":{"line":99,"column":33}},"line":99},"9":{"name":"(anonymous_9)","decl":{"start":{"line":102,"column":21},"end":{"line":102,"column":22}},"loc":{"start":{"line":102,"column":74},"end":{"line":138,"column":null}},"line":102},"10":{"name":"(anonymous_10)","decl":{"start":{"line":114,"column":10},"end":{"line":114,"column":11}},"loc":{"start":{"line":114,"column":22},"end":{"line":129,"column":5}},"line":114},"11":{"name":"(anonymous_11)","decl":{"start":{"line":130,"column":10},"end":{"line":130,"column":11}},"loc":{"start":{"line":130,"column":29},"end":{"line":136,"column":5}},"line":130},"12":{"name":"(anonymous_12)","decl":{"start":{"line":137,"column":11},"end":{"line":137,"column":12}},"loc":{"start":{"line":137,"column":22},"end":{"line":137,"column":33}},"line":137},"13":{"name":"(anonymous_13)","decl":{"start":{"line":140,"column":22},"end":{"line":140,"column":23}},"loc":{"start":{"line":140,"column":75},"end":{"line":154,"column":null}},"line":140},"14":{"name":"(anonymous_14)","decl":{"start":{"line":145,"column":10},"end":{"line":145,"column":11}},"loc":{"start":{"line":145,"column":22},"end":{"line":152,"column":5}},"line":145},"15":{"name":"(anonymous_15)","decl":{"start":{"line":153,"column":11},"end":{"line":153,"column":12}},"loc":{"start":{"line":153,"column":22},"end":{"line":153,"column":33}},"line":153}},"branchMap":{"0":{"loc":{"start":{"line":7,"column":9},"end":{"line":7,"column":null}},"type":"cond-expr","locations":[{"start":{"line":7,"column":38},"end":{"line":7,"column":47}},{"start":{"line":7,"column":47},"end":{"line":7,"column":null}}],"line":7},"1":{"loc":{"start":{"line":12,"column":2},"end":{"line":15,"column":null}},"type":"if","locations":[{"start":{"line":12,"column":2},"end":{"line":15,"column":null}},{"start":{},"end":{}}],"line":12},"2":{"loc":{"start":{"line":25,"column":6},"end":{"line":27,"column":null}},"type":"if","locations":[{"start":{"line":25,"column":6},"end":{"line":27,"column":null}},{"start":{},"end":{}}],"line":25},"3":{"loc":{"start":{"line":40,"column":24},"end":{"line":42,"column":null}},"type":"cond-expr","locations":[{"start":{"line":41,"column":10},"end":{"line":41,"column":null}},{"start":{"line":42,"column":10},"end":{"line":42,"column":null}}],"line":40},"4":{"loc":{"start":{"line":57,"column":2},"end":{"line":60,"column":null}},"type":"if","locations":[{"start":{"line":57,"column":2},"end":{"line":60,"column":null}},{"start":{},"end":{}}],"line":57},"5":{"loc":{"start":{"line":70,"column":6},"end":{"line":73,"column":null}},"type":"if","locations":[{"start":{"line":70,"column":6},"end":{"line":73,"column":null}},{"start":{},"end":{}}],"line":70},"6":{"loc":{"start":{"line":75,"column":6},"end":{"line":78,"column":null}},"type":"if","locations":[{"start":{"line":75,"column":6},"end":{"line":78,"column":null}},{"start":{},"end":{}}],"line":75},"7":{"loc":{"start":{"line":84,"column":6},"end":{"line":86,"column":null}},"type":"if","locations":[{"start":{"line":84,"column":6},"end":{"line":86,"column":null}},{"start":{},"end":{}}],"line":84},"8":{"loc":{"start":{"line":104,"column":2},"end":{"line":107,"column":null}},"type":"if","locations":[{"start":{"line":104,"column":2},"end":{"line":107,"column":null}},{"start":{},"end":{}}],"line":104},"9":{"loc":{"start":{"line":115,"column":6},"end":{"line":118,"column":null}},"type":"if","locations":[{"start":{"line":115,"column":6},"end":{"line":118,"column":null}},{"start":{},"end":{}}],"line":115},"10":{"loc":{"start":{"line":120,"column":6},"end":{"line":123,"column":null}},"type":"if","locations":[{"start":{"line":120,"column":6},"end":{"line":123,"column":null}},{"start":{},"end":{}}],"line":120},"11":{"loc":{"start":{"line":131,"column":6},"end":{"line":133,"column":null}},"type":"if","locations":[{"start":{"line":131,"column":6},"end":{"line":133,"column":null}},{"start":{},"end":{}}],"line":131},"12":{"loc":{"start":{"line":146,"column":6},"end":{"line":149,"column":null}},"type":"if","locations":[{"start":{"line":146,"column":6},"end":{"line":149,"column":null}},{"start":{},"end":{}}],"line":146}},"s":{"0":1,"1":14,"2":14,"3":1,"4":4,"5":4,"6":1,"7":1,"8":3,"9":3,"10":2,"11":2,"12":1,"13":1,"14":1,"15":2,"16":1,"17":1,"18":2,"19":1,"20":5,"21":5,"22":1,"23":1,"24":4,"25":4,"26":4,"27":4,"28":1,"29":1,"30":3,"31":1,"32":1,"33":2,"34":2,"35":1,"36":1,"37":1,"38":2,"39":1,"40":1,"41":1,"42":1,"43":5,"44":5,"45":1,"46":1,"47":4,"48":4,"49":4,"50":3,"51":1,"52":1,"53":2,"54":1,"55":1,"56":1,"57":3,"58":2,"59":1,"60":1,"61":1,"62":3,"63":3,"64":2,"65":1,"66":1,"67":1,"68":1},"f":{"0":14,"1":4,"2":2,"3":1,"4":2,"5":5,"6":4,"7":2,"8":1,"9":5,"10":3,"11":3,"12":1,"13":3,"14":2,"15":1},"b":{"0":[11,3],"1":[1,3],"2":[1,1],"3":[0,1],"4":[1,4],"5":[1,3],"6":[1,2],"7":[1,1],"8":[1,4],"9":[1,2],"10":[1,1],"11":[2,1],"12":[1,1]},"meta":{"lastBranch":13,"lastFunction":16,"lastStatement":69,"seen":{"s:5:23:8:Infinity":0,"f:5:23:5:24":0,"s:6:17:6:Infinity":1,"s:7:2:7:Infinity":2,"b:7:38:7:47:7:47:7:Infinity":0,"s:10:21:53:Infinity":3,"f:10:21:10:22":1,"s:11:22:11:Infinity":4,"b:12:2:15:Infinity:undefined:undefined:undefined:undefined":1,"s:12:2:15:Infinity":5,"s:13:4:13:Infinity":6,"s:14:4:14:Infinity":7,"s:17:57:17:Infinity":8,"s:19:2:52:Infinity":9,"f:20:18:20:25":2,"s:21:19:24:Infinity":10,"b:25:6:27:Infinity:undefined:undefined:undefined:undefined":2,"s:25:6:27:Infinity":11,"s:26:8:26:Infinity":12,"s:29:21:38:Infinity":13,"s:40:24:42:Infinity":14,"b:41:10:41:Infinity:42:10:42:Infinity":3,"s:44:6:47:Infinity":15,"s:49:6:49:Infinity":16,"f:51:10:51:11":3,"s:51:22:51:50":17,"f:52:11:52:12":4,"s:52:22:52:33":18,"s:55:21:100:Infinity":19,"f:55:21:55:22":5,"s:56:22:56:Infinity":20,"b:57:2:60:Infinity:undefined:undefined:undefined:undefined":4,"s:57:2:60:Infinity":21,"s:58:4:58:Infinity":22,"s:59:4:59:Infinity":23,"s:62:13:62:Infinity":24,"s:64:2:99:Infinity":25,"f:65:18:65:25":6,"s:66:21:69:Infinity":26,"b:70:6:73:Infinity:undefined:undefined:undefined:undefined":5,"s:70:6:73:Infinity":27,"s:71:8:71:Infinity":28,"s:72:8:72:Infinity":29,"b:75:6:78:Infinity:undefined:undefined:undefined:undefined":6,"s:75:6:78:Infinity":30,"s:76:8:76:Infinity":31,"s:77:8:77:Infinity":32,"s:80:19:83:Infinity":33,"b:84:6:86:Infinity:undefined:undefined:undefined:undefined":7,"s:84:6:86:Infinity":34,"s:85:8:85:Infinity":35,"s:88:6:88:Infinity":36,"s:90:24:90:Infinity":37,"f:90:46:90:47":7,"s:90:60:90:75":38,"s:92:6:95:Infinity":39,"s:97:6:97:Infinity":40,"f:99:11:99:12":8,"s:99:22:99:33":41,"s:102:21:138:Infinity":42,"f:102:21:102:22":9,"s:103:22:103:Infinity":43,"b:104:2:107:Infinity:undefined:undefined:undefined:undefined":8,"s:104:2:107:Infinity":44,"s:105:4:105:Infinity":45,"s:106:4:106:Infinity":46,"s:109:13:109:Infinity":47,"s:110:57:110:Infinity":48,"s:112:2:137:Infinity":49,"f:114:10:114:11":10,"b:115:6:118:Infinity:undefined:undefined:undefined:undefined":9,"s:115:6:118:Infinity":50,"s:116:8:116:Infinity":51,"s:117:8:117:Infinity":52,"b:120:6:123:Infinity:undefined:undefined:undefined:undefined":10,"s:120:6:123:Infinity":53,"s:121:8:121:Infinity":54,"s:122:8:122:Infinity":55,"s:125:6:128:Infinity":56,"f:130:10:130:11":11,"b:131:6:133:Infinity:undefined:undefined:undefined:undefined":11,"s:131:6:133:Infinity":57,"s:132:8:132:Infinity":58,"s:135:6:135:Infinity":59,"f:137:11:137:12":12,"s:137:22:137:33":60,"s:140:22:154:Infinity":61,"f:140:22:140:23":13,"s:141:13:141:Infinity":62,"s:143:2:153:Infinity":63,"f:145:10:145:11":14,"b:146:6:149:Infinity:undefined:undefined:undefined:undefined":12,"s:146:6:149:Infinity":64,"s:147:8:147:Infinity":65,"s:148:8:148:Infinity":66,"s:151:6:151:Infinity":67,"f:153:11:153:12":15,"s:153:22:153:33":68}}}
,"C:\\Users\\LucasLelieurJiménez-\\Desktop\\TailorHub\\TailorHubChallenge_Backend\\src\\controllers\\user.controllers.ts": {"path":"C:\\Users\\LucasLelieurJiménez-\\Desktop\\TailorHub\\TailorHubChallenge_Backend\\src\\controllers\\user.controllers.ts","statementMap":{"0":{"start":{"line":5,"column":23},"end":{"line":8,"column":null}},"1":{"start":{"line":6,"column":17},"end":{"line":6,"column":null}},"2":{"start":{"line":7,"column":2},"end":{"line":7,"column":null}},"3":{"start":{"line":10,"column":20},"end":{"line":42,"column":null}},"4":{"start":{"line":11,"column":26},"end":{"line":11,"column":null}},"5":{"start":{"line":12,"column":22},"end":{"line":12,"column":null}},"6":{"start":{"line":14,"column":2},"end":{"line":17,"column":null}},"7":{"start":{"line":15,"column":4},"end":{"line":15,"column":null}},"8":{"start":{"line":16,"column":4},"end":{"line":16,"column":null}},"9":{"start":{"line":19,"column":2},"end":{"line":22,"column":null}},"10":{"start":{"line":20,"column":4},"end":{"line":20,"column":null}},"11":{"start":{"line":21,"column":4},"end":{"line":21,"column":null}},"12":{"start":{"line":24,"column":2},"end":{"line":41,"column":null}},"13":{"start":{"line":29,"column":6},"end":{"line":32,"column":null}},"14":{"start":{"line":30,"column":8},"end":{"line":30,"column":null}},"15":{"start":{"line":31,"column":8},"end":{"line":31,"column":null}},"16":{"start":{"line":34,"column":60},"end":{"line":34,"column":null}},"17":{"start":{"line":35,"column":6},"end":{"line":39,"column":null}},"18":{"start":{"line":41,"column":22},"end":{"line":41,"column":33}},"19":{"start":{"line":44,"column":23},"end":{"line":95,"column":null}},"20":{"start":{"line":45,"column":26},"end":{"line":45,"column":null}},"21":{"start":{"line":46,"column":22},"end":{"line":46,"column":null}},"22":{"start":{"line":48,"column":2},"end":{"line":51,"column":null}},"23":{"start":{"line":49,"column":4},"end":{"line":49,"column":null}},"24":{"start":{"line":50,"column":4},"end":{"line":50,"column":null}},"25":{"start":{"line":53,"column":2},"end":{"line":56,"column":null}},"26":{"start":{"line":54,"column":4},"end":{"line":54,"column":null}},"27":{"start":{"line":55,"column":4},"end":{"line":55,"column":null}},"28":{"start":{"line":58,"column":35},"end":{"line":58,"column":null}},"29":{"start":{"line":60,"column":2},"end":{"line":63,"column":null}},"30":{"start":{"line":61,"column":4},"end":{"line":61,"column":null}},"31":{"start":{"line":62,"column":4},"end":{"line":62,"column":null}},"32":{"start":{"line":65,"column":2},"end":{"line":94,"column":null}},"33":{"start":{"line":67,"column":19},"end":{"line":70,"column":null}},"34":{"start":{"line":71,"column":6},"end":{"line":73,"column":null}},"35":{"start":{"line":72,"column":8},"end":{"line":72,"column":null}},"36":{"start":{"line":76,"column":8},"end":{"line":80,"column":null}},"37":{"start":{"line":80,"column":54},"end":{"line":80,"column":73}},"38":{"start":{"line":82,"column":6},"end":{"line":86,"column":null}},"39":{"start":{"line":89,"column":6},"end":{"line":92,"column":null}},"40":{"start":{"line":94,"column":22},"end":{"line":94,"column":33}},"41":{"start":{"line":97,"column":30},"end":{"line":133,"column":null}},"42":{"start":{"line":98,"column":23},"end":{"line":98,"column":null}},"43":{"start":{"line":99,"column":22},"end":{"line":99,"column":null}},"44":{"start":{"line":101,"column":2},"end":{"line":104,"column":null}},"45":{"start":{"line":102,"column":4},"end":{"line":102,"column":null}},"46":{"start":{"line":103,"column":4},"end":{"line":103,"column":null}},"47":{"start":{"line":106,"column":2},"end":{"line":132,"column":null}},"48":{"start":{"line":108,"column":19},"end":{"line":111,"column":null}},"49":{"start":{"line":112,"column":6},"end":{"line":114,"column":null}},"50":{"start":{"line":113,"column":8},"end":{"line":113,"column":null}},"51":{"start":{"line":116,"column":36},"end":{"line":118,"column":null}},"52":{"start":{"line":120,"column":6},"end":{"line":124,"column":null}},"53":{"start":{"line":127,"column":6},"end":{"line":130,"column":null}},"54":{"start":{"line":132,"column":22},"end":{"line":132,"column":33}},"55":{"start":{"line":135,"column":33},"end":{"line":169,"column":null}},"56":{"start":{"line":136,"column":23},"end":{"line":136,"column":null}},"57":{"start":{"line":137,"column":22},"end":{"line":137,"column":null}},"58":{"start":{"line":139,"column":2},"end":{"line":142,"column":null}},"59":{"start":{"line":140,"column":4},"end":{"line":140,"column":null}},"60":{"start":{"line":141,"column":4},"end":{"line":141,"column":null}},"61":{"start":{"line":144,"column":2},"end":{"line":168,"column":null}},"62":{"start":{"line":146,"column":19},"end":{"line":149,"column":null}},"63":{"start":{"line":150,"column":6},"end":{"line":152,"column":null}},"64":{"start":{"line":151,"column":8},"end":{"line":151,"column":null}},"65":{"start":{"line":154,"column":36},"end":{"line":154,"column":null}},"66":{"start":{"line":154,"column":78},"end":{"line":154,"column":97}},"67":{"start":{"line":156,"column":6},"end":{"line":160,"column":null}},"68":{"start":{"line":163,"column":6},"end":{"line":166,"column":null}},"69":{"start":{"line":168,"column":22},"end":{"line":168,"column":33}}},"fnMap":{"0":{"name":"(anonymous_0)","decl":{"start":{"line":5,"column":23},"end":{"line":5,"column":24}},"loc":{"start":{"line":5,"column":56},"end":{"line":8,"column":null}},"line":5},"1":{"name":"(anonymous_1)","decl":{"start":{"line":10,"column":20},"end":{"line":10,"column":21}},"loc":{"start":{"line":10,"column":73},"end":{"line":42,"column":null}},"line":10},"2":{"name":"(anonymous_2)","decl":{"start":{"line":28,"column":10},"end":{"line":28,"column":11}},"loc":{"start":{"line":28,"column":20},"end":{"line":40,"column":5}},"line":28},"3":{"name":"(anonymous_3)","decl":{"start":{"line":41,"column":11},"end":{"line":41,"column":12}},"loc":{"start":{"line":41,"column":22},"end":{"line":41,"column":33}},"line":41},"4":{"name":"(anonymous_4)","decl":{"start":{"line":44,"column":23},"end":{"line":44,"column":24}},"loc":{"start":{"line":44,"column":76},"end":{"line":95,"column":null}},"line":44},"5":{"name":"(anonymous_5)","decl":{"start":{"line":66,"column":18},"end":{"line":66,"column":25}},"loc":{"start":{"line":66,"column":32},"end":{"line":87,"column":5}},"line":66},"6":{"name":"(anonymous_6)","decl":{"start":{"line":80,"column":46},"end":{"line":80,"column":47}},"loc":{"start":{"line":80,"column":54},"end":{"line":80,"column":73}},"line":80},"7":{"name":"(anonymous_7)","decl":{"start":{"line":88,"column":10},"end":{"line":88,"column":11}},"loc":{"start":{"line":89,"column":6},"end":{"line":92,"column":null}},"line":89},"8":{"name":"(anonymous_8)","decl":{"start":{"line":94,"column":11},"end":{"line":94,"column":12}},"loc":{"start":{"line":94,"column":22},"end":{"line":94,"column":33}},"line":94},"9":{"name":"(anonymous_9)","decl":{"start":{"line":97,"column":30},"end":{"line":97,"column":31}},"loc":{"start":{"line":97,"column":83},"end":{"line":133,"column":null}},"line":97},"10":{"name":"(anonymous_10)","decl":{"start":{"line":107,"column":18},"end":{"line":107,"column":25}},"loc":{"start":{"line":107,"column":32},"end":{"line":125,"column":5}},"line":107},"11":{"name":"(anonymous_11)","decl":{"start":{"line":126,"column":10},"end":{"line":126,"column":11}},"loc":{"start":{"line":127,"column":6},"end":{"line":130,"column":null}},"line":127},"12":{"name":"(anonymous_12)","decl":{"start":{"line":132,"column":11},"end":{"line":132,"column":12}},"loc":{"start":{"line":132,"column":22},"end":{"line":132,"column":33}},"line":132},"13":{"name":"(anonymous_13)","decl":{"start":{"line":135,"column":33},"end":{"line":135,"column":34}},"loc":{"start":{"line":135,"column":86},"end":{"line":169,"column":null}},"line":135},"14":{"name":"(anonymous_14)","decl":{"start":{"line":145,"column":18},"end":{"line":145,"column":25}},"loc":{"start":{"line":145,"column":32},"end":{"line":161,"column":5}},"line":145},"15":{"name":"(anonymous_15)","decl":{"start":{"line":154,"column":70},"end":{"line":154,"column":71}},"loc":{"start":{"line":154,"column":78},"end":{"line":154,"column":97}},"line":154},"16":{"name":"(anonymous_16)","decl":{"start":{"line":162,"column":10},"end":{"line":162,"column":11}},"loc":{"start":{"line":163,"column":6},"end":{"line":166,"column":null}},"line":163},"17":{"name":"(anonymous_17)","decl":{"start":{"line":168,"column":11},"end":{"line":168,"column":12}},"loc":{"start":{"line":168,"column":22},"end":{"line":168,"column":33}},"line":168}},"branchMap":{"0":{"loc":{"start":{"line":7,"column":9},"end":{"line":7,"column":null}},"type":"cond-expr","locations":[{"start":{"line":7,"column":38},"end":{"line":7,"column":47}},{"start":{"line":7,"column":47},"end":{"line":7,"column":null}}],"line":7},"1":{"loc":{"start":{"line":14,"column":2},"end":{"line":17,"column":null}},"type":"if","locations":[{"start":{"line":14,"column":2},"end":{"line":17,"column":null}},{"start":{},"end":{}}],"line":14},"2":{"loc":{"start":{"line":19,"column":2},"end":{"line":22,"column":null}},"type":"if","locations":[{"start":{"line":19,"column":2},"end":{"line":22,"column":null}},{"start":{},"end":{}}],"line":19},"3":{"loc":{"start":{"line":29,"column":6},"end":{"line":32,"column":null}},"type":"if","locations":[{"start":{"line":29,"column":6},"end":{"line":32,"column":null}},{"start":{},"end":{}}],"line":29},"4":{"loc":{"start":{"line":48,"column":2},"end":{"line":51,"column":null}},"type":"if","locations":[{"start":{"line":48,"column":2},"end":{"line":51,"column":null}},{"start":{},"end":{}}],"line":48},"5":{"loc":{"start":{"line":53,"column":2},"end":{"line":56,"column":null}},"type":"if","locations":[{"start":{"line":53,"column":2},"end":{"line":56,"column":null}},{"start":{},"end":{}}],"line":53},"6":{"loc":{"start":{"line":60,"column":2},"end":{"line":63,"column":null}},"type":"if","locations":[{"start":{"line":60,"column":2},"end":{"line":63,"column":null}},{"start":{},"end":{}}],"line":60},"7":{"loc":{"start":{"line":60,"column":6},"end":{"line":60,"column":66}},"type":"binary-expr","locations":[{"start":{"line":60,"column":6},"end":{"line":60,"column":24}},{"start":{"line":60,"column":24},"end":{"line":60,"column":44}},{"start":{"line":60,"column":44},"end":{"line":60,"column":66}}],"line":60},"8":{"loc":{"start":{"line":71,"column":6},"end":{"line":73,"column":null}},"type":"if","locations":[{"start":{"line":71,"column":6},"end":{"line":73,"column":null}},{"start":{},"end":{}}],"line":71},"9":{"loc":{"start":{"line":76,"column":8},"end":{"line":80,"column":null}},"type":"cond-expr","locations":[{"start":{"line":77,"column":12},"end":{"line":79,"column":null}},{"start":{"line":80,"column":12},"end":{"line":80,"column":null}}],"line":76},"10":{"loc":{"start":{"line":77,"column":12},"end":{"line":79,"column":null}},"type":"cond-expr","locations":[{"start":{"line":78,"column":14},"end":{"line":78,"column":null}},{"start":{"line":79,"column":14},"end":{"line":79,"column":null}}],"line":77},"11":{"loc":{"start":{"line":101,"column":2},"end":{"line":104,"column":null}},"type":"if","locations":[{"start":{"line":101,"column":2},"end":{"line":104,"column":null}},{"start":{},"end":{}}],"line":101},"12":{"loc":{"start":{"line":112,"column":6},"end":{"line":114,"column":null}},"type":"if","locations":[{"start":{"line":112,"column":6},"end":{"line":114,"column":null}},{"start":{},"end":{}}],"line":112},"13":{"loc":{"start":{"line":116,"column":36},"end":{"line":118,"column":null}},"type":"cond-expr","locations":[{"start":{"line":117,"column":10},"end":{"line":117,"column":null}},{"start":{"line":118,"column":10},"end":{"line":118,"column":null}}],"line":116},"14":{"loc":{"start":{"line":139,"column":2},"end":{"line":142,"column":null}},"type":"if","locations":[{"start":{"line":139,"column":2},"end":{"line":142,"column":null}},{"start":{},"end":{}}],"line":139},"15":{"loc":{"start":{"line":150,"column":6},"end":{"line":152,"column":null}},"type":"if","locations":[{"start":{"line":150,"column":6},"end":{"line":152,"column":null}},{"start":{},"end":{}}],"line":150}},"s":{"0":1,"1":17,"2":17,"3":1,"4":5,"5":5,"6":5,"7":1,"8":1,"9":4,"10":1,"11":1,"12":3,"13":2,"14":1,"15":1,"16":1,"17":1,"18":1,"19":1,"20":5,"21":5,"22":5,"23":1,"24":1,"25":4,"26":1,"27":1,"28":3,"29":3,"30":1,"31":1,"32":2,"33":2,"34":2,"35":1,"36":1,"37":0,"38":2,"39":1,"40":1,"41":1,"42":4,"43":4,"44":4,"45":1,"46":1,"47":3,"48":3,"49":3,"50":1,"51":2,"52":3,"53":2,"54":1,"55":1,"56":3,"57":3,"58":3,"59":1,"60":1,"61":2,"62":2,"63":2,"64":1,"65":1,"66":2,"67":1,"68":1,"69":1},"f":{"0":17,"1":5,"2":2,"3":1,"4":5,"5":2,"6":0,"7":1,"8":1,"9":4,"10":3,"11":2,"12":1,"13":3,"14":2,"15":2,"16":1,"17":1},"b":{"0":[13,4],"1":[1,4],"2":[1,3],"3":[1,1],"4":[1,4],"5":[1,3],"6":[1,2],"7":[3,3,1],"8":[1,1],"9":[1,0],"10":[0,1],"11":[1,3],"12":[1,2],"13":[1,1],"14":[1,2],"15":[1,1]},"meta":{"lastBranch":16,"lastFunction":18,"lastStatement":70,"seen":{"s:5:23:8:Infinity":0,"f:5:23:5:24":0,"s:6:17:6:Infinity":1,"s:7:2:7:Infinity":2,"b:7:38:7:47:7:47:7:Infinity":0,"s:10:20:42:Infinity":3,"f:10:20:10:21":1,"s:11:26:11:Infinity":4,"s:12:22:12:Infinity":5,"b:14:2:17:Infinity:undefined:undefined:undefined:undefined":1,"s:14:2:17:Infinity":6,"s:15:4:15:Infinity":7,"s:16:4:16:Infinity":8,"b:19:2:22:Infinity:undefined:undefined:undefined:undefined":2,"s:19:2:22:Infinity":9,"s:20:4:20:Infinity":10,"s:21:4:21:Infinity":11,"s:24:2:41:Infinity":12,"f:28:10:28:11":2,"b:29:6:32:Infinity:undefined:undefined:undefined:undefined":3,"s:29:6:32:Infinity":13,"s:30:8:30:Infinity":14,"s:31:8:31:Infinity":15,"s:34:60:34:Infinity":16,"s:35:6:39:Infinity":17,"f:41:11:41:12":3,"s:41:22:41:33":18,"s:44:23:95:Infinity":19,"f:44:23:44:24":4,"s:45:26:45:Infinity":20,"s:46:22:46:Infinity":21,"b:48:2:51:Infinity:undefined:undefined:undefined:undefined":4,"s:48:2:51:Infinity":22,"s:49:4:49:Infinity":23,"s:50:4:50:Infinity":24,"b:53:2:56:Infinity:undefined:undefined:undefined:undefined":5,"s:53:2:56:Infinity":25,"s:54:4:54:Infinity":26,"s:55:4:55:Infinity":27,"s:58:35:58:Infinity":28,"b:60:2:63:Infinity:undefined:undefined:undefined:undefined":6,"s:60:2:63:Infinity":29,"b:60:6:60:24:60:24:60:44:60:44:60:66":7,"s:61:4:61:Infinity":30,"s:62:4:62:Infinity":31,"s:65:2:94:Infinity":32,"f:66:18:66:25":5,"s:67:19:70:Infinity":33,"b:71:6:73:Infinity:undefined:undefined:undefined:undefined":8,"s:71:6:73:Infinity":34,"s:72:8:72:Infinity":35,"s:76:8:80:Infinity":36,"b:77:12:79:Infinity:80:12:80:Infinity":9,"b:78:14:78:Infinity:79:14:79:Infinity":10,"f:80:46:80:47":6,"s:80:54:80:73":37,"s:82:6:86:Infinity":38,"f:88:10:88:11":7,"s:89:6:92:Infinity":39,"f:94:11:94:12":8,"s:94:22:94:33":40,"s:97:30:133:Infinity":41,"f:97:30:97:31":9,"s:98:23:98:Infinity":42,"s:99:22:99:Infinity":43,"b:101:2:104:Infinity:undefined:undefined:undefined:undefined":11,"s:101:2:104:Infinity":44,"s:102:4:102:Infinity":45,"s:103:4:103:Infinity":46,"s:106:2:132:Infinity":47,"f:107:18:107:25":10,"s:108:19:111:Infinity":48,"b:112:6:114:Infinity:undefined:undefined:undefined:undefined":12,"s:112:6:114:Infinity":49,"s:113:8:113:Infinity":50,"s:116:36:118:Infinity":51,"b:117:10:117:Infinity:118:10:118:Infinity":13,"s:120:6:124:Infinity":52,"f:126:10:126:11":11,"s:127:6:130:Infinity":53,"f:132:11:132:12":12,"s:132:22:132:33":54,"s:135:33:169:Infinity":55,"f:135:33:135:34":13,"s:136:23:136:Infinity":56,"s:137:22:137:Infinity":57,"b:139:2:142:Infinity:undefined:undefined:undefined:undefined":14,"s:139:2:142:Infinity":58,"s:140:4:140:Infinity":59,"s:141:4:141:Infinity":60,"s:144:2:168:Infinity":61,"f:145:18:145:25":14,"s:146:19:149:Infinity":62,"b:150:6:152:Infinity:undefined:undefined:undefined:undefined":15,"s:150:6:152:Infinity":63,"s:151:8:151:Infinity":64,"s:154:36:154:Infinity":65,"f:154:70:154:71":15,"s:154:78:154:97":66,"s:156:6:160:Infinity":67,"f:162:10:162:11":16,"s:163:6:166:Infinity":68,"f:168:11:168:12":17,"s:168:22:168:33":69}}}
,"C:\\Users\\LucasLelieurJiménez-\\Desktop\\TailorHub\\TailorHubChallenge_Backend\\src\\errors\\http-error.ts": {"path":"C:\\Users\\LucasLelieurJiménez-\\Desktop\\TailorHub\\TailorHubChallenge_Backend\\src\\errors\\http-error.ts","statementMap":{"0":{"start":{"line":5,"column":4},"end":{"line":5,"column":null}},"1":{"start":{"line":6,"column":4},"end":{"line":6,"column":null}},"2":{"start":{"line":7,"column":4},"end":{"line":7,"column":null}}},"fnMap":{"0":{"name":"(anonymous_0)","decl":{"start":{"line":4,"column":2},"end":{"line":4,"column":14}},"loc":{"start":{"line":4,"column":51},"end":{"line":8,"column":null}},"line":4}},"branchMap":{},"s":{"0":5,"1":5,"2":5},"f":{"0":5},"b":{},"meta":{"lastBranch":0,"lastFunction":1,"lastStatement":3,"seen":{"f:4:2:4:14":0,"s:5:4:5:Infinity":0,"s:6:4:6:Infinity":1,"s:7:4:7:Infinity":2}}}
,"C:\\Users\\LucasLelieurJiménez-\\Desktop\\TailorHub\\TailorHubChallenge_Backend\\src\\middlewares\\verifyToken.ts": {"path":"C:\\Users\\LucasLelieurJiménez-\\Desktop\\TailorHub\\TailorHubChallenge_Backend\\src\\middlewares\\verifyToken.ts","statementMap":{"0":{"start":{"line":5,"column":20},"end":{"line":54,"column":null}},"1":{"start":{"line":6,"column":30},"end":{"line":6,"column":null}},"2":{"start":{"line":8,"column":2},"end":{"line":11,"column":null}},"3":{"start":{"line":9,"column":4},"end":{"line":9,"column":null}},"4":{"start":{"line":10,"column":4},"end":{"line":10,"column":null}},"5":{"start":{"line":13,"column":2},"end":{"line":16,"column":null}},"6":{"start":{"line":14,"column":4},"end":{"line":14,"column":null}},"7":{"start":{"line":15,"column":4},"end":{"line":15,"column":null}},"8":{"start":{"line":18,"column":22},"end":{"line":18,"column":null}},"9":{"start":{"line":20,"column":2},"end":{"line":23,"column":null}},"10":{"start":{"line":21,"column":4},"end":{"line":21,"column":null}},"11":{"start":{"line":22,"column":4},"end":{"line":22,"column":null}},"12":{"start":{"line":25,"column":2},"end":{"line":28,"column":null}},"13":{"start":{"line":26,"column":4},"end":{"line":26,"column":null}},"14":{"start":{"line":27,"column":4},"end":{"line":27,"column":null}},"15":{"start":{"line":30,"column":2},"end":{"line":53,"column":null}},"16":{"start":{"line":31,"column":25},"end":{"line":31,"column":null}},"17":{"start":{"line":33,"column":4},"end":{"line":36,"column":null}},"18":{"start":{"line":34,"column":6},"end":{"line":34,"column":null}},"19":{"start":{"line":35,"column":6},"end":{"line":35,"column":null}},"20":{"start":{"line":38,"column":4},"end":{"line":41,"column":null}},"21":{"start":{"line":39,"column":6},"end":{"line":39,"column":null}},"22":{"start":{"line":40,"column":6},"end":{"line":40,"column":null}},"23":{"start":{"line":43,"column":4},"end":{"line":46,"column":null}},"24":{"start":{"line":44,"column":6},"end":{"line":44,"column":null}},"25":{"start":{"line":45,"column":6},"end":{"line":45,"column":null}},"26":{"start":{"line":48,"column":4},"end":{"line":48,"column":null}},"27":{"start":{"line":49,"column":4},"end":{"line":49,"column":null}},"28":{"start":{"line":50,"column":4},"end":{"line":50,"column":null}},"29":{"start":{"line":52,"column":4},"end":{"line":52,"column":null}}},"fnMap":{"0":{"name":"(anonymous_0)","decl":{"start":{"line":5,"column":20},"end":{"line":5,"column":21}},"loc":{"start":{"line":5,"column":79},"end":{"line":54,"column":null}},"line":5}},"branchMap":{"0":{"loc":{"start":{"line":8,"column":2},"end":{"line":11,"column":null}},"type":"if","locations":[{"start":{"line":8,"column":2},"end":{"line":11,"column":null}},{"start":{},"end":{}}],"line":8},"1":{"loc":{"start":{"line":13,"column":2},"end":{"line":16,"column":null}},"type":"if","locations":[{"start":{"line":13,"column":2},"end":{"line":16,"column":null}},{"start":{},"end":{}}],"line":13},"2":{"loc":{"start":{"line":20,"column":2},"end":{"line":23,"column":null}},"type":"if","locations":[{"start":{"line":20,"column":2},"end":{"line":23,"column":null}},{"start":{},"end":{}}],"line":20},"3":{"loc":{"start":{"line":25,"column":2},"end":{"line":28,"column":null}},"type":"if","locations":[{"start":{"line":25,"column":2},"end":{"line":28,"column":null}},{"start":{},"end":{}}],"line":25},"4":{"loc":{"start":{"line":33,"column":4},"end":{"line":36,"column":null}},"type":"if","locations":[{"start":{"line":33,"column":4},"end":{"line":36,"column":null}},{"start":{},"end":{}}],"line":33},"5":{"loc":{"start":{"line":38,"column":4},"end":{"line":41,"column":null}},"type":"if","locations":[{"start":{"line":38,"column":4},"end":{"line":41,"column":null}},{"start":{},"end":{}}],"line":38},"6":{"loc":{"start":{"line":38,"column":8},"end":{"line":38,"column":65}},"type":"binary-expr","locations":[{"start":{"line":38,"column":8},"end":{"line":38,"column":28}},{"start":{"line":38,"column":28},"end":{"line":38,"column":65}}],"line":38},"7":{"loc":{"start":{"line":43,"column":4},"end":{"line":46,"column":null}},"type":"if","locations":[{"start":{"line":43,"column":4},"end":{"line":46,"column":null}},{"start":{},"end":{}}],"line":43},"8":{"loc":{"start":{"line":43,"column":8},"end":{"line":43,"column":105}},"type":"binary-expr","locations":[{"start":{"line":43,"column":8},"end":{"line":43,"column":28}},{"start":{"line":43,"column":28},"end":{"line":43,"column":68}},{"start":{"line":43,"column":56},"end":{"line":43,"column":105}}],"line":43}},"s":{"0":2,"1":41,"2":41,"3":11,"4":11,"5":30,"6":2,"7":2,"8":28,"9":28,"10":1,"11":1,"12":27,"13":1,"14":1,"15":26,"16":26,"17":26,"18":1,"19":1,"20":13,"21":1,"22":1,"23":12,"24":1,"25":1,"26":11,"27":11,"28":11,"29":12},"f":{"0":41},"b":{"0":[11,30],"1":[2,28],"2":[1,27],"3":[1,26],"4":[1,25],"5":[1,12],"6":[13,12],"7":[1,11],"8":[12,12,12]},"meta":{"lastBranch":9,"lastFunction":1,"lastStatement":30,"seen":{"s:5:20:54:Infinity":0,"f:5:20:5:21":0,"s:6:30:6:Infinity":1,"b:8:2:11:Infinity:undefined:undefined:undefined:undefined":0,"s:8:2:11:Infinity":2,"s:9:4:9:Infinity":3,"s:10:4:10:Infinity":4,"b:13:2:16:Infinity:undefined:undefined:undefined:undefined":1,"s:13:2:16:Infinity":5,"s:14:4:14:Infinity":6,"s:15:4:15:Infinity":7,"s:18:22:18:Infinity":8,"b:20:2:23:Infinity:undefined:undefined:undefined:undefined":2,"s:20:2:23:Infinity":9,"s:21:4:21:Infinity":10,"s:22:4:22:Infinity":11,"b:25:2:28:Infinity:undefined:undefined:undefined:undefined":3,"s:25:2:28:Infinity":12,"s:26:4:26:Infinity":13,"s:27:4:27:Infinity":14,"s:30:2:53:Infinity":15,"s:31:25:31:Infinity":16,"b:33:4:36:Infinity:undefined:undefined:undefined:undefined":4,"s:33:4:36:Infinity":17,"s:34:6:34:Infinity":18,"s:35:6:35:Infinity":19,"b:38:4:41:Infinity:undefined:undefined:undefined:undefined":5,"s:38:4:41:Infinity":20,"b:38:8:38:28:38:28:38:65":6,"s:39:6:39:Infinity":21,"s:40:6:40:Infinity":22,"b:43:4:46:Infinity:undefined:undefined:undefined:undefined":7,"s:43:4:46:Infinity":23,"b:43:8:43:28:43:28:43:68:43:56:43:105":8,"s:44:6:44:Infinity":24,"s:45:6:45:Infinity":25,"s:48:4:48:Infinity":26,"s:49:4:49:Infinity":27,"s:50:4:50:Infinity":28,"s:52:4:52:Infinity":29}}}
,"C:\\Users\\LucasLelieurJiménez-\\Desktop\\TailorHub\\TailorHubChallenge_Backend\\src\\routes\\auth.routes.ts": {"path":"C:\\Users\\LucasLelieurJiménez-\\Desktop\\TailorHub\\TailorHubChallenge_Backend\\src\\routes\\auth.routes.ts","statementMap":{"0":{"start":{"line":5,"column":6},"end":{"line":5,"column":null}},"1":{"start":{"line":7,"column":0},"end":{"line":7,"column":null}},"2":{"start":{"line":8,"column":0},"end":{"line":8,"column":null}},"3":{"start":{"line":9,"column":0},"end":{"line":9,"column":null}},"4":{"start":{"line":10,"column":0},"end":{"line":10,"column":null}}},"fnMap":{},"branchMap":{},"s":{"0":1,"1":1,"2":1,"3":1,"4":1},"f":{},"b":{},"meta":{"lastBranch":0,"lastFunction":0,"lastStatement":5,"seen":{"s:5:6:5:Infinity":0,"s:7:0:7:Infinity":1,"s:8:0:8:Infinity":2,"s:9:0:9:Infinity":3,"s:10:0:10:Infinity":4}}}
,"C:\\Users\\LucasLelieurJiménez-\\Desktop\\TailorHub\\TailorHubChallenge_Backend\\src\\routes\\restaurant.routes.ts": {"path":"C:\\Users\\LucasLelieurJiménez-\\Desktop\\TailorHub\\TailorHubChallenge_Backend\\src\\routes\\restaurant.routes.ts","statementMap":{"0":{"start":{"line":11,"column":6},"end":{"line":11,"column":null}},"1":{"start":{"line":13,"column":0},"end":{"line":13,"column":null}},"2":{"start":{"line":14,"column":0},"end":{"line":14,"column":null}},"3":{"start":{"line":15,"column":0},"end":{"line":15,"column":null}},"4":{"start":{"line":16,"column":0},"end":{"line":16,"column":null}}},"fnMap":{},"branchMap":{},"s":{"0":1,"1":1,"2":1,"3":1,"4":1},"f":{},"b":{},"meta":{"lastBranch":0,"lastFunction":0,"lastStatement":5,"seen":{"s:11:6:11:Infinity":0,"s:13:0:13:Infinity":1,"s:14:0:14:Infinity":2,"s:15:0:15:Infinity":3,"s:16:0:16:Infinity":4}}}
,"C:\\Users\\LucasLelieurJiménez-\\Desktop\\TailorHub\\TailorHubChallenge_Backend\\src\\routes\\review.routes.ts": {"path":"C:\\Users\\LucasLelieurJiménez-\\Desktop\\TailorHub\\TailorHubChallenge_Backend\\src\\routes\\review.routes.ts","statementMap":{"0":{"start":{"line":11,"column":6},"end":{"line":11,"column":null}},"1":{"start":{"line":13,"column":0},"end":{"line":13,"column":null}},"2":{"start":{"line":14,"column":0},"end":{"line":14,"column":null}},"3":{"start":{"line":15,"column":0},"end":{"line":15,"column":null}},"4":{"start":{"line":16,"column":0},"end":{"line":16,"column":null}}},"fnMap":{},"branchMap":{},"s":{"0":1,"1":1,"2":1,"3":1,"4":1},"f":{},"b":{},"meta":{"lastBranch":0,"lastFunction":0,"lastStatement":5,"seen":{"s:11:6:11:Infinity":0,"s:13:0:13:Infinity":1,"s:14:0:14:Infinity":2,"s:15:0:15:Infinity":3,"s:16:0:16:Infinity":4}}}
,"C:\\Users\\LucasLelieurJiménez-\\Desktop\\TailorHub\\TailorHubChallenge_Backend\\src\\routes\\user.routes.ts": {"path":"C:\\Users\\LucasLelieurJiménez-\\Desktop\\TailorHub\\TailorHubChallenge_Backend\\src\\routes\\user.routes.ts","statementMap":{"0":{"start":{"line":11,"column":6},"end":{"line":11,"column":null}},"1":{"start":{"line":13,"column":0},"end":{"line":13,"column":null}},"2":{"start":{"line":14,"column":0},"end":{"line":14,"column":null}},"3":{"start":{"line":15,"column":0},"end":{"line":15,"column":null}},"4":{"start":{"line":16,"column":0},"end":{"line":16,"column":null}}},"fnMap":{},"branchMap":{},"s":{"0":1,"1":1,"2":1,"3":1,"4":1},"f":{},"b":{},"meta":{"lastBranch":0,"lastFunction":0,"lastStatement":5,"seen":{"s:11:6:11:Infinity":0,"s:13:0:13:Infinity":1,"s:14:0:14:Infinity":2,"s:15:0:15:Infinity":3,"s:16:0:16:Infinity":4}}}
,"C:\\Users\\LucasLelieurJiménez-\\Desktop\\TailorHub\\TailorHubChallenge_Backend\\src\\services\\token-revocation.ts": {"path":"C:\\Users\\LucasLelieurJiménez-\\Desktop\\TailorHub\\TailorHubChallenge_Backend\\src\\services\\token-revocation.ts","statementMap":{"0":{"start":{"line":1,"column":25},"end":{"line":1,"column":null}},"1":{"start":{"line":3,"column":23},"end":{"line":5,"column":null}},"2":{"start":{"line":4,"column":2},"end":{"line":4,"column":null}},"3":{"start":{"line":7,"column":26},"end":{"line":9,"column":null}},"4":{"start":{"line":8,"column":2},"end":{"line":8,"column":null}}},"fnMap":{"0":{"name":"(anonymous_0)","decl":{"start":{"line":3,"column":23},"end":{"line":3,"column":24}},"loc":{"start":{"line":3,"column":46},"end":{"line":5,"column":null}},"line":3},"1":{"name":"(anonymous_1)","decl":{"start":{"line":7,"column":26},"end":{"line":7,"column":27}},"loc":{"start":{"line":7,"column":52},"end":{"line":9,"column":null}},"line":7}},"branchMap":{},"s":{"0":2,"1":2,"2":1,"3":2,"4":12},"f":{"0":1,"1":12},"b":{},"meta":{"lastBranch":0,"lastFunction":2,"lastStatement":5,"seen":{"s:1:25:1:Infinity":0,"s:3:23:5:Infinity":1,"f:3:23:3:24":0,"s:4:2:4:Infinity":2,"s:7:26:9:Infinity":3,"f:7:26:7:27":1,"s:8:2:8:Infinity":4}}}
,"C:\\Users\\LucasLelieurJiménez-\\Desktop\\TailorHub\\TailorHubChallenge_Backend\\test\\helpers\\http.ts": {"path":"C:\\Users\\LucasLelieurJiménez-\\Desktop\\TailorHub\\TailorHubChallenge_Backend\\test\\helpers\\http.ts","statementMap":{"0":{"start":{"line":10,"column":27},"end":{"line":16,"column":null}},"1":{"start":{"line":11,"column":14},"end":{"line":11,"column":null}},"2":{"start":{"line":12,"column":2},"end":{"line":12,"column":null}},"3":{"start":{"line":13,"column":2},"end":{"line":13,"column":null}},"4":{"start":{"line":14,"column":2},"end":{"line":14,"column":null}},"5":{"start":{"line":15,"column":2},"end":{"line":15,"column":null}},"6":{"start":{"line":18,"column":22},"end":{"line":20,"column":null}},"7":{"start":{"line":19,"column":2},"end":{"line":19,"column":null}},"8":{"start":{"line":19,"column":39},"end":{"line":19,"column":60}}},"fnMap":{"0":{"name":"(anonymous_0)","decl":{"start":{"line":10,"column":27},"end":{"line":10,"column":33}},"loc":{"start":{"line":10,"column":33},"end":{"line":16,"column":null}},"line":10},"1":{"name":"(anonymous_1)","decl":{"start":{"line":18,"column":22},"end":{"line":18,"column":49}},"loc":{"start":{"line":18,"column":49},"end":{"line":20,"column":null}},"line":18},"2":{"name":"(anonymous_2)","decl":{"start":{"line":19,"column":26},"end":{"line":19,"column":27}},"loc":{"start":{"line":19,"column":39},"end":{"line":19,"column":60}},"line":19}},"branchMap":{},"s":{"0":5,"1":67,"2":67,"3":67,"4":67,"5":67,"6":5,"7":44,"8":44},"f":{"0":67,"1":44,"2":44},"b":{},"meta":{"lastBranch":0,"lastFunction":3,"lastStatement":9,"seen":{"s:10:27:16:Infinity":0,"f:10:27:10:33":0,"s:11:14:11:Infinity":1,"s:12:2:12:Infinity":2,"s:13:2:13:Infinity":3,"s:14:2:14:Infinity":4,"s:15:2:15:Infinity":5,"s:18:22:20:Infinity":6,"f:18:22:18:49":1,"s:19:2:19:Infinity":7,"f:19:26:19:27":2,"s:19:39:19:60":8}}}
}
